"File: ADC.c         Assembler  Version HGASM0202      Page 1


   1  0000              ; Generated by holtek-gcc v3.19, Sat May 21 17:26:02 2022
   2  0000              ; 
   3  0000              ; Configuration:
   4  0000              ;       with long instruction
   5  0000              ;       Single ROM, Multi-RAM
   6  0000              ;       bits_per_rom_unit:16
   7  0000              ;       with mp1
   8  0000              ;       with tbhp, address(0x9)
   9  0000              ;          Use tabrd-const
  10  0000              ;       
  11  0000              ; SFR address of long-instruction arch:
  12  0000              ;    mp0 = -1,1,0
  13  0000              ;    mp1 = 4,3,2
  14  0000              ;    mp2 = 14,13,12
  15  0000              ;    tbp = 9,7,8
  16  0000              ;    acc = 5
  17  0000              ;    pcl = 6
  18  0000              ;    status = 10
  19  0000              ;    bp = 11
  20  0000              ;    intc = 17
  21  0000              ;       
  22  0000              ;       
  23  0000              ; use 'tabrdc' instead of 'tabrd'
  24  0000              ;       
  25  0000              
  26  0000              #pragma translator "holtek-gcc 4.6.4" "3.19" "build 20130711"
  27  0000              ; Rebuild 718
  28  0000              
  29  0000              ir equ [2]
  30  0000              mp equ [3]
  31  0000              sbp equ [4]
  32  0000              acc equ [5]
  33  0000              bp equ [11]
  34  0000              tblp equ [7]
  35  0000              tbhp equ [9]
  36  0000              status equ [10]
  37  0000              c equ [10].0
  38  0000              ac equ [10].1
  39  0000              z equ [10].2
  40  0000              ov equ [10].3
  41  0000              cz equ [10].6
  42  0000              sc equ [10].7
  43  0000              intc equ [17]
  44  0000              
  45  0000              extern ra:byte
  46  0000              extern rb:byte
  47  0000              extern rc:byte
  48  0000              extern rd:byte
  49  0000              extern re:byte
  50  0000              extern rf:byte
  51  0000              extern rg:byte
  52  0000              extern rh:byte
  53  0000              extern _Crom2Prom:near
  54  0000              extern _Crom2PromNext:near
  55  0000              
  56  0000              RAMBANK 0 @BITDATASEC, @BITDATASEC1
  57  0000              @HCCINIT	.section 'data'
  58  0000              @HCCINIT0	.section 'data'
  59  0000              @BITDATASEC	 .section 'data'
"File: ADC.ASM       Assembler  Version HGASM0202      Page 2

  60  0000              @BITDATASEC1	 .section 'data'
  61  0000              
  62  0000              #pragma debug scope 1 1
  63  0000              	extern __DELAY3:near
  64  0000              	extern __DELAYX3:near
  65  0000              	extern __DELAYX6:near
  66  0000              	extern __DELAYY5:near
  67  0000              	extern __DELAYY3:near
  68  0000              	extern _builtin_holtek_delay_2:byte
  69  0000              ___sadc0 equ [34]
  70  0000              ___sadc1 equ [35]
  71  0000              ___sadc2 equ [36]
  72  0000              public _ADC_Prot_init
  73  0000              #pragma debug scope 2 1

  15  0000              #line 15 "c:\users\user\documents\htk_project\3652_adc_test_2\ADC.c"
  15  0000              _ADC_Prot_init .section 'code'
  15  0000              _ADC_Prot_init proc
  17  0000              #line 17 "c:\users\user\documents\htk_project\3652_adc_test_2\ADC.c"
  17  0000  1F22        	clr [34]
  18  0001              #line 18 "c:\users\user\documents\htk_project\3652_adc_test_2\ADC.c"
  18  0001  0F03        	mov a,3
  18  0002  00A3        	mov [35],a
  19  0003              #line 19 "c:\users\user\documents\htk_project\3652_adc_test_2\ADC.c"
  19  0003  1F24        	clr [36]
  21  0004              #line 21 "c:\users\user\documents\htk_project\3652_adc_test_2\ADC.c"
  21  0004  3222        	set [34].4
  21  0005  0003        	ret
  21  0006              _ADC_Prot_init endp
  21  0006              #line 21 "c:\users\user\documents\htk_project\3652_adc_test_2\ADC.c"
  21  0006              #pragma debug scope 1 1
   6  0006              #line 6 "c:\users\user\documents\htk_project\3652_adc_test_2\ADC.c"
   6  0006              public _ADC_Stas
   6  0000              @HCCINIT0_ADC_Stas .section 'data'
   6  0000              _ADC_Stas	db 0
   6  0001              #pragma debug variable 8 1 _ADC_Stas "ADC_Stas"
   6  0001              
   6  0000              @HCCINIT .section 'data'
   5  0000              #line 5 "c:\users\user\documents\htk_project\3652_adc_test_2\ADC.c"
   5  0000              public _ADC_data
   5  0000              @HCCINIT0_ADC_data .section 'data'
   5  0000  0002[       _ADC_data	db 2 dup(0)
            00
            ]
   5  0002              #pragma debug variable 12 1 _ADC_data "ADC_data"
   5  0002              
   5  0000              @HCCINIT .section 'data'
   5  0000              #pragma debug struct_end
   5  0000              #pragma debug struct_end
   5  0000              #pragma debug union_end
   5  0000              #pragma debug union_end
   5  0000              #pragma debug variable 43 1 ___sadc0 "__sadc0" 1
   5  0000              #pragma debug struct_end
   5  0000              #pragma debug struct_end
   5  0000              #pragma debug union_end
   5  0000              #pragma debug union_end
   5  0000              #pragma debug variable 45 1 ___sadc1 "__sadc1" 1
   5  0000              #pragma debug struct_end
   5  0000              #pragma debug struct_end
   5  0000              #pragma debug union_end
"File: ADC.c         Assembler  Version HGASM0202      Page 3

   5  0000              #pragma debug union_end
   5  0000              #pragma debug variable 47 1 ___sadc2 "__sadc2" 1
   5  0000              
   5  0000              ; 
   5  0000              ; Generated by holtek-gcc v3.19, Sat May 21 17:26:02 2022
   5  0000              ; Rebuild 718
   5  0000              ; end of file


        0 Errors, 0