"File: hal_gpio.c    Assembler  Version HGASM0202      Page 1


   1  0000              ; Generated by holtek-gcc v3.19, Fri May 27 15:23:59 2022
   2  0000              ; 
   3  0000              ; Configuration:
   4  0000              ;       with long instruction
   5  0000              ;       Single ROM, Multi-RAM
   6  0000              ;       bits_per_rom_unit:16
   7  0000              ;       with mp1
   8  0000              ;       with tbhp, address(0x9)
   9  0000              ;          Use tabrd-const
  10  0000              ;       
  11  0000              ; SFR address of long-instruction arch:
  12  0000              ;    mp0 = -1,1,0
  13  0000              ;    mp1 = 4,3,2
  14  0000              ;    mp2 = 14,13,12
  15  0000              ;    tbp = 9,7,8
  16  0000              ;    acc = 5
  17  0000              ;    pcl = 6
  18  0000              ;    status = 10
  19  0000              ;    bp = 11
  20  0000              ;    intc = 17
  21  0000              ;       
  22  0000              ;       
  23  0000              ; use 'tabrdc' instead of 'tabrd'
  24  0000              ;       
  25  0000              
  26  0000              #pragma translator "holtek-gcc 4.6.4" "3.19" "build 20130711"
  27  0000              ; Rebuild 718
  28  0000              
  29  0000              ir equ [2]
  30  0000              mp equ [3]
  31  0000              sbp equ [4]
  32  0000              acc equ [5]
  33  0000              bp equ [11]
  34  0000              tblp equ [7]
  35  0000              tbhp equ [9]
  36  0000              status equ [10]
  37  0000              c equ [10].0
  38  0000              ac equ [10].1
  39  0000              z equ [10].2
  40  0000              ov equ [10].3
  41  0000              cz equ [10].6
  42  0000              sc equ [10].7
  43  0000              intc equ [17]
  44  0000              
  45  0000              extern ra:byte
  46  0000              extern rb:byte
  47  0000              extern rc:byte
  48  0000              extern rd:byte
  49  0000              extern re:byte
  50  0000              extern rf:byte
  51  0000              extern rg:byte
  52  0000              extern rh:byte
  53  0000              extern _Crom2Prom:near
  54  0000              extern _Crom2PromNext:near
  55  0000              
  56  0000              RAMBANK 0 @BITDATASEC, @BITDATASEC1
  57  0000              @HCCINIT	.section 'data'
  58  0000              @HCCINIT0	.section 'data'
  59  0000              @BITDATASEC	 .section 'data'
"File: hal_gpio.ASM  Assembler  Version HGASM0202      Page 2

  60  0000              @BITDATASEC1	 .section 'data'
  61  0000              
  62  0000              #pragma debug scope 1 1
  63  0000              	extern __DELAY3:near
  64  0000              	extern __DELAYX3:near
  65  0000              	extern __DELAYX6:near
  66  0000              	extern __DELAYY5:near
  67  0000              	extern __DELAYY3:near
  68  0000              	extern _builtin_holtek_delay_2:byte
  69  0000              ___pa equ [20]
  70  0000              ___pac equ [21]
  71  0000              ___pb equ [37]
  72  0000              ___pbc equ [38]
  73  0000              ___papu equ [22]
  74  0000              ___pawu equ [23]
  75  0000              public _gpio_init
  76  0000              #pragma debug scope 2 1

   6  0000              #line 6 "c:\users\user\documents\htk_project\3652_adc_test_vib_1\hal_gpio.c"
   6  0000              _gpio_init .section 'code'
   6  0000              _gpio_init proc
  17  0000              #line 17 "c:\users\user\documents\htk_project\3652_adc_test_vib_1\hal_gpio.c"
  17  0000  3614        	clr [20].4
  18  0001              #line 18 "c:\users\user\documents\htk_project\3652_adc_test_vib_1\hal_gpio.c"
  18  0001  3714        	clr [20].6
  19  0002              #line 19 "c:\users\user\documents\htk_project\3652_adc_test_vib_1\hal_gpio.c"
  19  0002  3794        	clr [20].7
  20  0003              #line 20 "c:\users\user\documents\htk_project\3652_adc_test_vib_1\hal_gpio.c"
  20  0003  3615        	clr [21].4
  20  0004  3795        	clr [21].7
  20  0005  3715        	clr [21].6
  24  0006              #line 24 "c:\users\user\documents\htk_project\3652_adc_test_vib_1\hal_gpio.c"
  24  0006  35A5        	clr [37].3
  25  0007              #line 25 "c:\users\user\documents\htk_project\3652_adc_test_vib_1\hal_gpio.c"
  25  0007  35A6        	clr [38].3
  29  0008              #line 29 "c:\users\user\documents\htk_project\3652_adc_test_vib_1\hal_gpio.c"
  29  0008  3694        	clr [20].5
  30  0009              #line 30 "c:\users\user\documents\htk_project\3652_adc_test_vib_1\hal_gpio.c"
  30  0009  3295        	set [21].5
  30  000A  3296        	set [22].5
  30  000B  3297        	set [23].5
  30  000C  0003        	ret
  30  000D              _gpio_init endp
  30  000D              #line 30 "c:\users\user\documents\htk_project\3652_adc_test_vib_1\hal_gpio.c"
  30  000D              #pragma debug scope 1 1
  30  000D              ___integ equ [16]
  30  000D              ___intc0 equ [17]
  30  000D              ___intc2 equ [19]
  30  000D              public _int_init
  30  000D              #pragma debug scope 3 1
  37  000D              #line 37 "c:\users\user\documents\htk_project\3652_adc_test_vib_1\hal_gpio.c"
  37  0000              _int_init .section 'code'
  37  0000              _int_init proc
  39  0000              #line 39 "c:\users\user\documents\htk_project\3652_adc_test_vib_1\hal_gpio.c"
  39  0000  3490        	clr [16].1
  39  0001  3010        	set [16].0
  40  0002              #line 40 "c:\users\user\documents\htk_project\3652_adc_test_vib_1\hal_gpio.c"
  40  0002  3590        	clr [16].3
  40  0003  3110        	set [16].2
  41  0004              #line 41 "c:\users\user\documents\htk_project\3652_adc_test_vib_1\hal_gpio.c"
"File: hal_gpio.c    Assembler  Version HGASM0202      Page 3

  41  0004  3611        	clr [17].4
  42  0005              #line 42 "c:\users\user\documents\htk_project\3652_adc_test_vib_1\hal_gpio.c"
  42  0005  3693        	clr [19].5
  43  0006              #line 43 "c:\users\user\documents\htk_project\3652_adc_test_vib_1\hal_gpio.c"
  43  0006  3091        	set [17].1
  44  0007              #line 44 "c:\users\user\documents\htk_project\3652_adc_test_vib_1\hal_gpio.c"
  44  0007  3093        	set [19].1
  46  0008              #line 46 "c:\users\user\documents\htk_project\3652_adc_test_vib_1\hal_gpio.c"
  46  0008  3011        	set [17].0
  48  0009              #line 48 "c:\users\user\documents\htk_project\3652_adc_test_vib_1\hal_gpio.c"
  48  0009  2000     R  	call _gpio_init
  49  000A              #line 49 "c:\users\user\documents\htk_project\3652_adc_test_vib_1\hal_gpio.c"
  49  000A  0F0A        	mov a,10
  49  000B  0080     E  	mov _delay_2[0],a
  49  000C  1F00     E  	clr _delay_2[1]
  49  000D  2000     E  	call _delay
  49  000E  0003        	ret
  49  000F              _int_init endp
  49  000F              #line 49 "c:\users\user\documents\htk_project\3652_adc_test_vib_1\hal_gpio.c"
  49  000F              #pragma debug scope 1 1
  49  000F              public _INT0_proc
  49  000F              #pragma debug scope 4 1
  54  000F              #line 54 "c:\users\user\documents\htk_project\3652_adc_test_vib_1\hal_gpio.c"
  54  0000              @INT0_proc_code .section at 4 'code'
  54  0000              ifdef INTERRUPT_DELAY
  54  0000              	nop
  54  0000              endif
  54  0000  0080     E  	mov r1,a
  54  0001  070A        	mov a,status
  54  0002              ifndef INTERRUPT_DELAY
  54  0002  0080     E  	mov r2,a
  54  0003              endif
  54  0003  2800     R  	jmp _INT0_proc
  54  0004              #pragma debug scope 1 1
  54  0004              @dummy4 endp
  54  0004              #pragma debug scope 5 1
  54  0000              _INT0_proc .section 'code'
  54  0000              _INT0_proc proc
  54  0000              ifdef INTERRUPT_DELAY
  54  0000              	mov r2,a
  54  0000              endif
  55  0000              #line 55 "c:\users\user\documents\htk_project\3652_adc_test_vib_1\hal_gpio.c"
  55  0000  0F01        	mov a,1
  55  0001  0080     R  	mov _intF[0],a
  55  0002  0700     E  	mov a,r2
  55  0003  008A        	mov status,a
  55  0004  0700     E  	mov a,r1
  55  0005  0004        	reti
  55  0006              _INT0_proc endp
  55  0006              
  55  0006              #line 55 "c:\users\user\documents\htk_project\3652_adc_test_vib_1\hal_gpio.c"
  55  0006              #pragma debug scope 1 1
  55  0006              public _INT1_proc
  55  0006              #pragma debug scope 6 1
  60  0006              #line 60 "c:\users\user\documents\htk_project\3652_adc_test_vib_1\hal_gpio.c"
  60  0000              @INT1_proc_code .section at 36 'code'
  60  0000              ifdef INTERRUPT_DELAY
  60  0000              	nop
  60  0000              endif
  60  0000  0080     E  	mov r1,a
"File: hal_gpio.c    Assembler  Version HGASM0202      Page 4

  60  0001  070A        	mov a,status
  60  0002              ifndef INTERRUPT_DELAY
  60  0002  0080     E  	mov r2,a
  60  0003              endif
  60  0003  2800     R  	jmp _INT1_proc
  60  0004              #pragma debug scope 1 1
  60  0004              @dummy36 endp
  60  0004              #pragma debug scope 7 1
  60  0000              _INT1_proc .section 'code'
  60  0000              _INT1_proc proc
  60  0000              ifdef INTERRUPT_DELAY
  60  0000              	mov r2,a
  60  0000              endif
  61  0000              #line 61 "c:\users\user\documents\htk_project\3652_adc_test_vib_1\hal_gpio.c"
  61  0000  0F01        	mov a,1
  61  0001  0080     R  	mov _intF[1],a
  61  0002  0700     E  	mov a,r2
  61  0003  008A        	mov status,a
  61  0004  0700     E  	mov a,r1
  61  0005  0004        	reti
  61  0006              _INT1_proc endp
  61  0006              
  61  0006              #line 61 "c:\users\user\documents\htk_project\3652_adc_test_vib_1\hal_gpio.c"
  61  0006              #pragma debug scope 1 1
   3  0006              #line 3 "c:\users\user\documents\htk_project\3652_adc_test_vib_1\hal_gpio.c"
   3  0006              public _intF
   3  0000              @HCCINIT0_intF .section 'data'
   3  0000  0003[       _intF	db 3 dup(0)
            00
            ]
   3  0003              #pragma debug struct_end
   3  0003              #pragma debug struct_end
   3  0003              #pragma debug variable 42 1 _intF "intF"
   3  0003              
   3  0000              @HCCINIT .section 'data'
   3  0000              #pragma debug struct_end
   3  0000              #pragma debug struct_end
   3  0000              #pragma debug union_end
   3  0000              #pragma debug union_end
   3  0000              #pragma debug variable 44 1 ___integ "__integ" 1
   3  0000              #pragma debug struct_end
   3  0000              #pragma debug struct_end
   3  0000              #pragma debug union_end
   3  0000              #pragma debug union_end
   3  0000              #pragma debug variable 46 1 ___intc0 "__intc0" 1
   3  0000              #pragma debug struct_end
   3  0000              #pragma debug struct_end
   3  0000              #pragma debug union_end
   3  0000              #pragma debug union_end
   3  0000              #pragma debug variable 48 1 ___intc2 "__intc2" 1
   3  0000              #pragma debug struct_end
   3  0000              #pragma debug struct_end
   3  0000              #pragma debug union_end
   3  0000              #pragma debug union_end
   3  0000              #pragma debug variable 50 1 ___pa "__pa" 1
   3  0000              #pragma debug struct_end
   3  0000              #pragma debug struct_end
   3  0000              #pragma debug union_end
   3  0000              #pragma debug union_end
   3  0000              #pragma debug variable 52 1 ___pac "__pac" 1
"File: hal_gpio.c    Assembler  Version HGASM0202      Page 5

   3  0000              #pragma debug struct_end
   3  0000              #pragma debug struct_end
   3  0000              #pragma debug union_end
   3  0000              #pragma debug union_end
   3  0000              #pragma debug variable 54 1 ___papu "__papu" 1
   3  0000              #pragma debug struct_end
   3  0000              #pragma debug struct_end
   3  0000              #pragma debug union_end
   3  0000              #pragma debug union_end
   3  0000              #pragma debug variable 56 1 ___pawu "__pawu" 1
   3  0000              #pragma debug struct_end
   3  0000              #pragma debug struct_end
   3  0000              #pragma debug union_end
   3  0000              #pragma debug union_end
   3  0000              #pragma debug variable 58 1 ___pb "__pb" 1
   3  0000              #pragma debug struct_end
   3  0000              #pragma debug struct_end
   3  0000              #pragma debug union_end
   3  0000              #pragma debug union_end
   3  0000              #pragma debug variable 60 1 ___pbc "__pbc" 1
   3  0000              extern r1:byte
   3  0000              extern r2:byte
   3  0000              extern _delay_2:byte
   3  0000              extern _delay:near
   3  0000              
   3  0000              ; 
   3  0000              ; Generated by holtek-gcc v3.19, Fri May 27 15:23:59 2022
   3  0000              ; Rebuild 718
   3  0000              ; end of file


        0 Errors, 0