"File: hal_rf.c      Assembler  Version HGASM0202      Page 1


   1  0000              ; Generated by holtek-gcc v3.19, Fri May 27 15:24:12 2022
   2  0000              ; 
   3  0000              ; Configuration:
   4  0000              ;       with long instruction
   5  0000              ;       Single ROM, Multi-RAM
   6  0000              ;       bits_per_rom_unit:16
   7  0000              ;       with mp1
   8  0000              ;       with tbhp, address(0x9)
   9  0000              ;          Use tabrd-const
  10  0000              ;       
  11  0000              ; SFR address of long-instruction arch:
  12  0000              ;    mp0 = -1,1,0
  13  0000              ;    mp1 = 4,3,2
  14  0000              ;    mp2 = 14,13,12
  15  0000              ;    tbp = 9,7,8
  16  0000              ;    acc = 5
  17  0000              ;    pcl = 6
  18  0000              ;    status = 10
  19  0000              ;    bp = 11
  20  0000              ;    intc = 17
  21  0000              ;       
  22  0000              ;       
  23  0000              ; use 'tabrdc' instead of 'tabrd'
  24  0000              ;       
  25  0000              
  26  0000              #pragma translator "holtek-gcc 4.6.4" "3.19" "build 20130711"
  27  0000              ; Rebuild 718
  28  0000              
  29  0000              ir equ [2]
  30  0000              mp equ [3]
  31  0000              sbp equ [4]
  32  0000              acc equ [5]
  33  0000              bp equ [11]
  34  0000              tblp equ [7]
  35  0000              tbhp equ [9]
  36  0000              status equ [10]
  37  0000              c equ [10].0
  38  0000              ac equ [10].1
  39  0000              z equ [10].2
  40  0000              ov equ [10].3
  41  0000              cz equ [10].6
  42  0000              sc equ [10].7
  43  0000              intc equ [17]
  44  0000              
  45  0000              extern ra:byte
  46  0000              extern rb:byte
  47  0000              extern rc:byte
  48  0000              extern rd:byte
  49  0000              extern re:byte
  50  0000              extern rf:byte
  51  0000              extern rg:byte
  52  0000              extern rh:byte
  53  0000              extern _Crom2Prom:near
  54  0000              extern _Crom2PromNext:near
  55  0000              
  56  0000              RAMBANK 0 @BITDATASEC, @BITDATASEC1
  57  0000              @HCCINIT	.section 'data'
  58  0000              @HCCINIT0	.section 'data'
  59  0000              @BITDATASEC	 .section 'data'
"File: hal_rf.ASM    Assembler  Version HGASM0202      Page 2

  60  0000              @BITDATASEC1	 .section 'data'
  61  0000              
  62  0000              #pragma debug scope 1 1
  63  0000              	extern __DELAY3:near
  64  0000              	extern __DELAYX3:near
  65  0000              	extern __DELAYX6:near
  66  0000              	extern __DELAYY5:near
  67  0000              	extern __DELAYY3:near
  68  0000              	extern _builtin_holtek_delay_2:byte
  69  0000              ___mp1h equ [4]
  70  0000              ___mp1l equ [3]
  71  0000              ___tblp equ [7]
  72  0000              ___iar1 equ [2]
  73  0000              public _fun_RamInit
  74  0000              #pragma debug scope 2 1

  51  0000              #line 51 "c:\users\user\documents\htk_project\3652_adc_test_vib_1\hal_rf.c"
  51  0000              _fun_RamInit .section 'code'
  51  0000              _fun_RamInit proc
  52  0000              #line 52 "c:\users\user\documents\htk_project\3652_adc_test_vib_1\hal_rf.c"
  52  0000  1F04        	clr [4]
  52  0001              _L2:
  52  0001              #line 52 "c:\users\user\documents\htk_project\3652_adc_test_vib_1\hal_rf.c"
  52  0001  0F03        	mov a,3
  52  0002  0204        	sub a,[4]
  52  0003  380A        	snz c
  52  0004  2800     R  	jmp _L7
  54  0005              #line 54 "c:\users\user\documents\htk_project\3652_adc_test_vib_1\hal_rf.c"
  54  0005  0F80        	mov a,128
  54  0006  0083        	mov [3],a
  55  0007              #line 55 "c:\users\user\documents\htk_project\3652_adc_test_vib_1\hal_rf.c"
  55  0007  0F80        	mov a,128
  55  0008  0087        	mov [7],a
  55  0009              _L3:
  55  0009  1E07        	snz [7]
  55  000A  2800     R  	jmp _L8
  57  000B              #line 57 "c:\users\user\documents\htk_project\3652_adc_test_vib_1\hal_rf.c"
  57  000B  1F02        	clr [2]
  58  000C              #line 58 "c:\users\user\documents\htk_project\3652_adc_test_vib_1\hal_rf.c"
  58  000C  1483        	inc [3]
  55  000D              #line 55 "c:\users\user\documents\htk_project\3652_adc_test_vib_1\hal_rf.c"
  55  000D  1587        	dec [7]
  55  000E  2800     R  	jmp _L3
  55  000F              _L8:
  52  000F              #line 52 "c:\users\user\documents\htk_project\3652_adc_test_vib_1\hal_rf.c"
  52  000F  1484        	inc [4]
  52  0010  2800     R  	jmp _L2
  52  0011              _L7:
  61  0011              #line 61 "c:\users\user\documents\htk_project\3652_adc_test_vib_1\hal_rf.c"
  61  0011  1F04        	clr [4]
  61  0012  0003        	ret
  61  0013              _fun_RamInit endp
  61  0013              #line 61 "c:\users\user\documents\htk_project\3652_adc_test_vib_1\hal_rf.c"
  61  0013              #pragma debug scope 1 1
  61  0013              ___papu equ [22]
  61  0013              ___pbpu equ [39]
  61  0013              ___pcc equ [66]
  61  0013              ___pcpu equ [67]
  61  0013              ___pdc equ [83]
  61  0013              ___pdpu equ [84]
"File: hal_rf.c      Assembler  Version HGASM0202      Page 3

  61  0013              ___psc0r equ [102]
  61  0013              ___scc equ [25]
  61  0013              ___hircc equ [28]
  61  0013              ___wdtc equ [26]
  61  0013              ___tb0c equ [27]
  61  0013              ___intc1 equ [18]
  61  0013              ___integ equ [16]
  61  0013              ___pac equ [21]
  61  0013              ___ifs equ [81]
  61  0013              ___intc0 equ [17]
  61  0013              public _Sys_init
  61  0013              #pragma debug scope 3 1
  10  0013              #line 10 "c:\users\user\documents\htk_project\3652_adc_test_vib_1\hal_rf.c"
  10  0000              _Sys_init .section 'code'
  10  0000              _Sys_init proc
  11  0000              #line 11 "c:\users\user\documents\htk_project\3652_adc_test_vib_1\hal_rf.c"
  11  0000  1F96        	set [22]
  12  0001              #line 12 "c:\users\user\documents\htk_project\3652_adc_test_vib_1\hal_rf.c"
  12  0001  1FA7        	set [39]
  13  0002              #line 13 "c:\users\user\documents\htk_project\3652_adc_test_vib_1\hal_rf.c"
  13  0002  1FC2        	set [66]
  14  0003              #line 14 "c:\users\user\documents\htk_project\3652_adc_test_vib_1\hal_rf.c"
  14  0003  1FC3        	set [67]
  15  0004              #line 15 "c:\users\user\documents\htk_project\3652_adc_test_vib_1\hal_rf.c"
  15  0004  1FD3        	set [83]
  16  0005              #line 16 "c:\users\user\documents\htk_project\3652_adc_test_vib_1\hal_rf.c"
  16  0005  1FD4        	set [84]
  18  0006              #line 18 "c:\users\user\documents\htk_project\3652_adc_test_vib_1\hal_rf.c"
  18  0006  2000     R  	call _fun_RamInit
  21  0007              #line 21 "c:\users\user\documents\htk_project\3652_adc_test_vib_1\hal_rf.c"
  21  0007  0F02        	mov a,2
  21  0008  00E6        	mov [102],a
  22  0009              #line 22 "c:\users\user\documents\htk_project\3652_adc_test_vib_1\hal_rf.c"
  22  0009  1F19        	clr [25]
  23  000A              #line 23 "c:\users\user\documents\htk_project\3652_adc_test_vib_1\hal_rf.c"
  23  000A  0F01        	mov a,1
  23  000B  009C        	mov [28],a
  26  000C              #line 26 "c:\users\user\documents\htk_project\3652_adc_test_vib_1\hal_rf.c"
  26  000C  0FA8        	mov a,168
  26  000D  009A        	mov [26],a
  32  000E              #line 32 "c:\users\user\documents\htk_project\3652_adc_test_vib_1\hal_rf.c"
  32  000E  0F02        	mov a,2
  32  000F  00E6        	mov [102],a
  33  0010              #line 33 "c:\users\user\documents\htk_project\3652_adc_test_vib_1\hal_rf.c"
  33  0010  1F1B        	clr [27]
  34  0011              #line 34 "c:\users\user\documents\htk_project\3652_adc_test_vib_1\hal_rf.c"
  34  0011  339B        	set [27].7
  35  0012              #line 35 "c:\users\user\documents\htk_project\3652_adc_test_vib_1\hal_rf.c"
  35  0012  3192        	set [18].3
  36  0013              #line 36 "c:\users\user\documents\htk_project\3652_adc_test_vib_1\hal_rf.c"
  36  0013  311B        	set [27].2
  37  0014              #line 37 "c:\users\user\documents\htk_project\3652_adc_test_vib_1\hal_rf.c"
  37  0014  309B        	set [27].1
  38  0015              #line 38 "c:\users\user\documents\htk_project\3652_adc_test_vib_1\hal_rf.c"
  38  0015  301B        	set [27].0
  40  0016              #line 40 "c:\users\user\documents\htk_project\3652_adc_test_vib_1\hal_rf.c"
  40  0016  3090        	set [16].1
  41  0017              #line 41 "c:\users\user\documents\htk_project\3652_adc_test_vib_1\hal_rf.c"
  41  0017  3410        	clr [16].0
  42  0018              #line 42 "c:\users\user\documents\htk_project\3652_adc_test_vib_1\hal_rf.c"
"File: hal_rf.c      Assembler  Version HGASM0202      Page 4

  42  0018  3095        	set [21].1
  43  0019              #line 43 "c:\users\user\documents\htk_project\3652_adc_test_vib_1\hal_rf.c"
  43  0019  3096        	set [22].1
  44  001A              #line 44 "c:\users\user\documents\htk_project\3652_adc_test_vib_1\hal_rf.c"
  44  001A  3251        	set [81].4
  45  001B              #line 45 "c:\users\user\documents\htk_project\3652_adc_test_vib_1\hal_rf.c"
  45  001B  3091        	set [17].1
  45  001C  0003        	ret
  45  001D              _Sys_init endp
  45  001D              #line 45 "c:\users\user\documents\htk_project\3652_adc_test_vib_1\hal_rf.c"
  45  001D              #pragma debug scope 1 1
  45  001D              public _RF_Process_Init
  45  001D              #pragma debug scope 4 1
  66  001D              #line 66 "c:\users\user\documents\htk_project\3652_adc_test_vib_1\hal_rf.c"
  66  0000              _RF_Process_Init .section 'code'
  66  0000              _RF_Process_Init proc
  67  0000              #line 67 "c:\users\user\documents\htk_project\3652_adc_test_vib_1\hal_rf.c"
  67  0000  2000     R  	call _Sys_init
  68  0001              #line 68 "c:\users\user\documents\htk_project\3652_adc_test_vib_1\hal_rf.c"
  68  0001  2000     E  	call _RF_Init
  69  0002              #line 69 "c:\users\user\documents\htk_project\3652_adc_test_vib_1\hal_rf.c"
  69  0002  2000     E  	call _RF_Parameter_loading
  71  0003              #line 71 "c:\users\user\documents\htk_project\3652_adc_test_vib_1\hal_rf.c"
  71  0003  0F05        	mov a,5
  71  0004  0080     E  	mov _BC3602_T[0],a
  71  0005  0003        	ret
  71  0006              _RF_Process_Init endp
  71  0006              #line 71 "c:\users\user\documents\htk_project\3652_adc_test_vib_1\hal_rf.c"
  71  0006              #pragma debug scope 1 1
  71  0006              ___pa equ [20]
  71  0000              @crom	.section 'crom'
  71  0000              _LC0:
  71  0000              	db 041h,063h,06bh,020h,072h,065h,063h,065h,069h,076h
  71  0005              	db 065h,064h,0ah,00h
  71  0007              public _RF_Finished_Process
  71  0007              #pragma debug scope 5 1
 153  0007              #line 153 "c:\users\user\documents\htk_project\3652_adc_test_vib_1\hal_rf.c"
 153  0000              _RF_Finished_Process .section 'code'
 153  0000              _RF_Finished_Process proc
 153  0000              public _RF_Finished_Process_2
 153  0000  0002[           local _RF_Finished_Process_2 db 2 dup(?)	; 2,0
            00
            ]
 153  0002              #pragma debug struct_end
 153  0002              #pragma debug struct_end
 153  0002              #pragma debug pointer 43 42 5
 153  0002              #pragma debug pointer 43 42 5
 153  0002              #pragma debug variable 43 5 _RF_Finished_Process_2+0 "BC3602_T"
 155  0002              #line 155 "c:\users\user\documents\htk_project\3652_adc_test_vib_1\hal_rf.c"
 155  0000  0700     R  	mov a,_RF_Finished_Process_2[0]
 155  0001  0080     E  	mov rb,a
 155  0002  0700     R  	mov a,_RF_Finished_Process_2[1]
 155  0003  0080     E  	mov rc,a
 155  0004  0F0E        	mov a,14
 155  0005  0300     E  	add a,rb
 155  0006  0083        	mov mp,a
 155  0007  0F00        	mov a,0
 155  0008  1300     E  	adc a,rc
 155  0009  0084        	mov sbp,a
 155  000A  2000     E  	call _Crom2Prom
"File: hal_rf.c      Assembler  Version HGASM0202      Page 5

 155  000B  0080     E  	mov ra,a
 155  000C  1E00     E  	snz ra
 155  000D  2800     R  	jmp _L12
 157  000E              #line 157 "c:\users\user\documents\htk_project\3652_adc_test_vib_1\hal_rf.c"
 157  000E  0700     E  	mov a,_RF_TXFIFO[0]
 157  000F  0A01        	sub a,1
 157  0010  3D0A        	sz z
 157  0011  2800     R  	jmp _L17
 157  0012  0A01        	sub a,(2)-(1)
 157  0013  3D0A        	sz z
 157  0014  2800     R  	jmp _L17
 157  0015  0700     E  	mov a,_RF_TXFIFO[0]
 157  0016  0A03        	sub a,3
 157  0017  3D0A        	sz z
 157  0018  2800     R  	jmp _L17
 157  0019  0700     E  	mov a,_RF_TXFIFO[0]
 157  001A  0A04        	sub a,4
 157  001B  390A        	snz z
 157  001C  2800     R  	jmp _L13
 157  001D              _L17:
 169  001D              #line 169 "c:\users\user\documents\htk_project\3652_adc_test_vib_1\hal_rf.c"
 169  001D  3394        	set [20].7
 169  001E              _L13:
 174  001E              #line 174 "c:\users\user\documents\htk_project\3652_adc_test_vib_1\hal_rf.c"
 174  001E  0F0E        	mov a,14
 174  001F  0300     E  	add a,rb
 174  0020  0083        	mov mp,a
 174  0021  0F00        	mov a,0
 174  0022  1300     E  	adc a,rc
 174  0023  0084        	mov sbp,a
 174  0024  0F00        	mov a,0
 174  0025  0082        	mov ir,a
 175  0026              #line 175 "c:\users\user\documents\htk_project\3652_adc_test_vib_1\hal_rf.c"
 175  0026  0F01        	mov a,1
 175  0027  0300     R  	add a,_RF_Finished_Process_2[0]
 175  0028  0083        	mov mp,a
 175  0029  0F00        	mov a,0
 175  002A  1300     R  	adc a,_RF_Finished_Process_2[1]
 175  002B  0084        	mov sbp,a
 175  002C  0F00        	mov a,0
 175  002D  0082        	mov ir,a
 176  002E              #line 176 "c:\users\user\documents\htk_project\3652_adc_test_vib_1\hal_rf.c"
 176  002E  0700     R  	mov a,_RF_Finished_Process_2[0]
 176  002F  0083        	mov mp,a
 176  0030  0700     R  	mov a,_RF_Finished_Process_2[1]
 176  0031  0084        	mov sbp,a
 176  0032  0F05        	mov a,5
 176  0033  0082        	mov ir,a
 176  0034              _L12:
 179  0034              #line 179 "c:\users\user\documents\htk_project\3652_adc_test_vib_1\hal_rf.c"
 179  0034  0700     R  	mov a,_RF_Finished_Process_2[0]
 179  0035  0080     E  	mov rb,a
 179  0036  0700     R  	mov a,_RF_Finished_Process_2[1]
 179  0037  0080     E  	mov rc,a
 179  0038  0F0F        	mov a,15
 179  0039  0300     E  	add a,rb
 179  003A  0083        	mov mp,a
 179  003B  0F00        	mov a,0
 179  003C  1300     E  	adc a,rc
 179  003D  0084        	mov sbp,a
"File: hal_rf.c      Assembler  Version HGASM0202      Page 6

 179  003E  2000     E  	call _Crom2Prom
 179  003F  0080     E  	mov ra,a
 179  0040  1E00     E  	snz ra
 179  0041  2800     R  	jmp _L18
 194  0042              #line 194 "c:\users\user\documents\htk_project\3652_adc_test_vib_1\hal_rf.c"
 194  0042  0F01        	mov a,1
 194  0043  0300     E  	add a,rb
 194  0044  0083        	mov mp,a
 194  0045  0F00        	mov a,0
 194  0046  1300     E  	adc a,rc
 194  0047  0084        	mov sbp,a
 194  0048  0F00        	mov a,0
 194  0049  0082        	mov ir,a
 195  004A              #line 195 "c:\users\user\documents\htk_project\3652_adc_test_vib_1\hal_rf.c"
 195  004A  0F0F        	mov a,15
 195  004B  0300     R  	add a,_RF_Finished_Process_2[0]
 195  004C  0083        	mov mp,a
 195  004D  0F00        	mov a,0
 195  004E  1300     R  	adc a,_RF_Finished_Process_2[1]
 195  004F  0084        	mov sbp,a
 195  0050  0F00        	mov a,0
 195  0051  0082        	mov ir,a
 196  0052              #line 196 "c:\users\user\documents\htk_project\3652_adc_test_vib_1\hal_rf.c"
 196  0052  0700     R  	mov a,_RF_Finished_Process_2[0]
 196  0053  0083        	mov mp,a
 196  0054  0700     R  	mov a,_RF_Finished_Process_2[1]
 196  0055  0084        	mov sbp,a
 196  0056  0F05        	mov a,5
 196  0057  0082        	mov ir,a
 196  0058              _L18:
 199  0058              #line 199 "c:\users\user\documents\htk_project\3652_adc_test_vib_1\hal_rf.c"
 199  0058  0F17        	mov a,23
 199  0059  0300     R  	add a,_RF_Finished_Process_2[0]
 199  005A  0083        	mov mp,a
 199  005B  0F00        	mov a,0
 199  005C  1300     R  	adc a,_RF_Finished_Process_2[1]
 199  005D  0084        	mov sbp,a
 199  005E  2000     E  	call _Crom2Prom
 199  005F  0080     E  	mov ra,a
 199  0060  1E00     E  	snz ra
 199  0061  2800     R  	jmp _L11
 201  0062              #line 201 "c:\users\user\documents\htk_project\3652_adc_test_vib_1\hal_rf.c"
 201  0062  0700     E  	mov a,_RF_RXFIFO[0]
 201  0063  0A01        	sub a,1
 201  0064  3D0A        	sz z
 201  0065  2800     R  	jmp _L21
 201  0066  0A01        	sub a,(2)-(1)
 201  0067  3D0A        	sz z
 201  0068  2800     R  	jmp _L22
 201  0069  0700     E  	mov a,_RF_RXFIFO[0]
 201  006A  0A03        	sub a,3
 201  006B  3D0A        	sz z
 201  006C  2800     R  	jmp _L23
 201  006D  0700     E  	mov a,_RF_RXFIFO[0]
 201  006E  0A04        	sub a,4
 201  006F  390A        	snz z
 201  0070  2800     R  	jmp _L20
 219  0071              #line 219 "c:\users\user\documents\htk_project\3652_adc_test_vib_1\hal_rf.c"
 219  0071  0F08        	mov a,8
 219  0072  0080     R  	mov _Mflag[0],a
"File: hal_rf.c      Assembler  Version HGASM0202      Page 7

 219  0073  2800     R  	jmp _L34
 219  0074              _L21:
 204  0074              #line 204 "c:\users\user\documents\htk_project\3652_adc_test_vib_1\hal_rf.c"
 204  0074  0F01        	mov a,1
 204  0075  0080     R  	mov _Mflag[0],a
 205  0076              #line 205 "c:\users\user\documents\htk_project\3652_adc_test_vib_1\hal_rf.c"
 205  0076  3394        	set [20].7
 206  0077              #line 206 "c:\users\user\documents\htk_project\3652_adc_test_vib_1\hal_rf.c"
 206  0077  0F00     R  	mov a,low offset _LC0
 206  0078  0080     E  	mov _uart_printf_2[0],a
 206  0079  0F00     R  	mov a,high offset _LC0
 206  007A  0080     E  	mov _uart_printf_2[1],a
 206  007B  2000     E  	call _uart_printf
 207  007C              #line 207 "c:\users\user\documents\htk_project\3652_adc_test_vib_1\hal_rf.c"
 207  007C  0F01        	mov a,1
 207  007D  0080     E  	mov _intF[2],a
 208  007E              #line 208 "c:\users\user\documents\htk_project\3652_adc_test_vib_1\hal_rf.c"
 208  007E  0F0A        	mov a,10
 208  007F  0080     E  	mov _delay_2[0],a
 208  0080  1F00     E  	clr _delay_2[1]
 208  0081  2000     E  	call _delay
 209  0082              #line 209 "c:\users\user\documents\htk_project\3652_adc_test_vib_1\hal_rf.c"
 209  0082  2800     R  	jmp _L20
 209  0083              _L22:
 211  0083              #line 211 "c:\users\user\documents\htk_project\3652_adc_test_vib_1\hal_rf.c"
 211  0083  0F02        	mov a,2
 211  0084  0080     R  	mov _Mflag[0],a
 211  0085  2800     R  	jmp _L34
 211  0086              _L23:
 215  0086              #line 215 "c:\users\user\documents\htk_project\3652_adc_test_vib_1\hal_rf.c"
 215  0086  0F04        	mov a,4
 215  0087  0080     R  	mov _Mflag[0],a
 215  0088              _L34:
 220  0088              #line 220 "c:\users\user\documents\htk_project\3652_adc_test_vib_1\hal_rf.c"
 220  0088  3394        	set [20].7
 220  0089              _L20:
 225  0089              #line 225 "c:\users\user\documents\htk_project\3652_adc_test_vib_1\hal_rf.c"
 225  0089  0F01        	mov a,1
 225  008A  0300     R  	add a,_RF_Finished_Process_2[0]
 225  008B  0083        	mov mp,a
 225  008C  0F00        	mov a,0
 225  008D  1300     R  	adc a,_RF_Finished_Process_2[1]
 225  008E  0084        	mov sbp,a
 225  008F  0F00        	mov a,0
 225  0090  0082        	mov ir,a
 226  0091              #line 226 "c:\users\user\documents\htk_project\3652_adc_test_vib_1\hal_rf.c"
 226  0091  0F17        	mov a,23
 226  0092  0300     R  	add a,_RF_Finished_Process_2[0]
 226  0093  0083        	mov mp,a
 226  0094  0F00        	mov a,0
 226  0095  1300     R  	adc a,_RF_Finished_Process_2[1]
 226  0096  0084        	mov sbp,a
 226  0097  0F00        	mov a,0
 226  0098  0082        	mov ir,a
 227  0099              #line 227 "c:\users\user\documents\htk_project\3652_adc_test_vib_1\hal_rf.c"
 227  0099  0700     R  	mov a,_RF_Finished_Process_2[0]
 227  009A  0083        	mov mp,a
 227  009B  0700     R  	mov a,_RF_Finished_Process_2[1]
 227  009C  0084        	mov sbp,a
 227  009D  0F05        	mov a,5
"File: hal_rf.c      Assembler  Version HGASM0202      Page 8

 227  009E  0082        	mov ir,a
 227  009F              _L11:
 227  009F  0003        	ret
 227  00A0              _RF_Finished_Process endp
 227  00A0              #line 227 "c:\users\user\documents\htk_project\3652_adc_test_vib_1\hal_rf.c"
 227  00A0              #pragma debug scope 1 1
 227  00A0              public _DATA_Process
 227  00A0              #pragma debug scope 6 1
 237  00A0              #line 237 "c:\users\user\documents\htk_project\3652_adc_test_vib_1\hal_rf.c"
 237  0000              _DATA_Process .section 'code'
 237  0000              _DATA_Process proc
 237  0000              public _DATA_Process_2
 237  0000  0002[           local _DATA_Process_2 db 2 dup(?)	; 2,0
            00
            ]
 237  0002              #pragma debug pointer 44 8 6
 237  0002              #pragma debug pointer 44 8 6
 237  0002              #pragma debug variable 44 6 _DATA_Process_2+0 "FIFO"
 239  0002              #line 239 "c:\users\user\documents\htk_project\3652_adc_test_vib_1\hal_rf.c"
 239  0000  0F01        	mov a,1
 239  0001  0300     R  	add a,_DATA_Process_2[0]
 239  0002  0083        	mov mp,a
 239  0003  0F00        	mov a,0
 239  0004  1300     R  	adc a,_DATA_Process_2[1]
 239  0005  0084        	mov sbp,a
 239  0006  0F22        	mov a,34
 239  0007  0082        	mov ir,a
 244  0008              #line 244 "c:\users\user\documents\htk_project\3652_adc_test_vib_1\hal_rf.c"
 244  0008  0F02        	mov a,2
 244  0009  0300     R  	add a,_DATA_Process_2[0]
 244  000A  0083        	mov mp,a
 244  000B  0F00        	mov a,0
 244  000C  1300     R  	adc a,_DATA_Process_2[1]
 244  000D  0084        	mov sbp,a
 244  000E  0F33        	mov a,51
 244  000F  0082        	mov ir,a
 244  0010  0003        	ret
 244  0011              _DATA_Process endp
 244  0011              #line 244 "c:\users\user\documents\htk_project\3652_adc_test_vib_1\hal_rf.c"
 244  0011              #pragma debug scope 1 1
 244  0011              public _KEY_Process
 244  0011              #pragma debug scope 7 1
 111  0011              #line 111 "c:\users\user\documents\htk_project\3652_adc_test_vib_1\hal_rf.c"
 111  0000              _KEY_Process .section 'code'
 111  0000              _KEY_Process proc
 111  0000  00              local _KEY_Process_2 db 1 dup(?)	; 0,1
 111  0001              #pragma debug variable 8 7 _KEY_Process_2+0 "key_status"
 112  0001              #line 112 "c:\users\user\documents\htk_project\3652_adc_test_vib_1\hal_rf.c"
 112  0000  0700     R  	mov a,_Mflag[0]
 112  0001  0A01        	sub a,1
 112  0002  3D0A        	sz z
 112  0003  2800     R  	jmp _L38
 112  0004  0A01        	sub a,(2)-(1)
 112  0005  3D0A        	sz z
 112  0006  2800     R  	jmp _L39
 112  0007              #line 112 "c:\users\user\documents\htk_project\3652_adc_test_vib_1\hal_rf.c"
 112  0007  0700     R  	mov a,_Mflag[0]
 112  0008  0A04        	sub a,4
 112  0009  3D0A        	sz z
 112  000A  2800     R  	jmp _L40
"File: hal_rf.c      Assembler  Version HGASM0202      Page 9

 112  000B  0700     R  	mov a,_Mflag[0]
 112  000C  0A08        	sub a,8
 112  000D  390A        	snz z
 112  000E  2800     R  	jmp _L36
 136  000F              #line 136 "c:\users\user\documents\htk_project\3652_adc_test_vib_1\hal_rf.c"
 136  000F  0F04        	mov a,4
 136  0010  0080     E  	mov _RF_TXFIFO[0],a
 136  0011  2800     R  	jmp _L42
 136  0012              _L38:
 115  0012              #line 115 "c:\users\user\documents\htk_project\3652_adc_test_vib_1\hal_rf.c"
 115  0012  0F01        	mov a,1
 115  0013  0080     E  	mov _RF_TXFIFO[0],a
 115  0014  2800     R  	jmp _L42
 115  0015              _L39:
 122  0015              #line 122 "c:\users\user\documents\htk_project\3652_adc_test_vib_1\hal_rf.c"
 122  0015  0F02        	mov a,2
 122  0016  0080     E  	mov _RF_TXFIFO[0],a
 122  0017  2800     R  	jmp _L42
 122  0018              _L40:
 129  0018              #line 129 "c:\users\user\documents\htk_project\3652_adc_test_vib_1\hal_rf.c"
 129  0018  0F03        	mov a,3
 129  0019  0080     E  	mov _RF_TXFIFO[0],a
 129  001A              _L42:
 137  001A              #line 137 "c:\users\user\documents\htk_project\3652_adc_test_vib_1\hal_rf.c"
 137  001A  0F00     E  	mov a,low offset _RF_TXFIFO
 137  001B  0080     R  	mov _DATA_Process_2[0],a
 137  001C  0F00     E  	mov a,high offset _RF_TXFIFO
 137  001D  0080     R  	mov _DATA_Process_2[1],a
 137  001E  2000     R  	call _DATA_Process
 138  001F              #line 138 "c:\users\user\documents\htk_project\3652_adc_test_vib_1\hal_rf.c"
 138  001F  1F00     E  	clr _BC3602_T[1]
 139  0020              #line 139 "c:\users\user\documents\htk_project\3652_adc_test_vib_1\hal_rf.c"
 139  0020  0F04        	mov a,4
 139  0021  0080     E  	mov _BC3602_T[0],a
 139  0022              _L36:
 139  0022  0003        	ret
 139  0023              _KEY_Process endp
 139  0023              #line 139 "c:\users\user\documents\htk_project\3652_adc_test_vib_1\hal_rf.c"
 139  0023              #pragma debug scope 1 1
 139  0023              public _RF_Process
 139  0023              #pragma debug scope 8 1
  75  0023              #line 75 "c:\users\user\documents\htk_project\3652_adc_test_vib_1\hal_rf.c"
  75  0000              _RF_Process .section 'code'
  75  0000              _RF_Process proc
  76  0000              #line 76 "c:\users\user\documents\htk_project\3652_adc_test_vib_1\hal_rf.c"
  76  0000              ;# 76 "c:\users\user\documents\htk_project\3652_adc_test_vib_1\hal_rf.c" 1
  76  0000  0001        	clr wdt
  78  0001              #line 78 "c:\users\user\documents\htk_project\3652_adc_test_vib_1\hal_rf.c"
  78  0001  3800     R  	snz _Mflag[2].1
  78  0002  2800     R  	jmp _L44
  80  0003              #line 80 "c:\users\user\documents\htk_project\3652_adc_test_vib_1\hal_rf.c"
  80  0003  3400     R  	clr _Mflag[2].1
  80  0004              _L44:
  83  0004              #line 83 "c:\users\user\documents\htk_project\3652_adc_test_vib_1\hal_rf.c"
  83  0004  0700     R  	mov a,_Mflag[0]
  83  0005  0080     E  	mov ra,a
  83  0006  1E00     E  	snz ra
  83  0007  2800     R  	jmp _L45
  85  0008              #line 85 "c:\users\user\documents\htk_project\3652_adc_test_vib_1\hal_rf.c"
  85  0008  0700     E  	mov a,_BC3602_T[0]
"File: hal_rf.c      Assembler  Version HGASM0202      Page 10

  85  0009  0A04        	sub a,4
  85  000A  3D0A        	sz z
  85  000B  2800     R  	jmp _L46
  87  000C              #line 87 "c:\users\user\documents\htk_project\3652_adc_test_vib_1\hal_rf.c"
  87  000C  0700     E  	mov a,ra
  87  000D  2000     R  	call _KEY_Process
  87  000E              _L46:
  89  000E              #line 89 "c:\users\user\documents\htk_project\3652_adc_test_vib_1\hal_rf.c"
  89  000E  1F00     R  	clr _Mflag[0]
  89  000F              _L45:
  92  000F              #line 92 "c:\users\user\documents\htk_project\3652_adc_test_vib_1\hal_rf.c"
  92  000F  0700     E  	mov a,_BC3602_T[0]
  92  0010  0A04        	sub a,4
  92  0011  390A        	snz z
  92  0012  2800     R  	jmp _L47
  93  0013              #line 93 "c:\users\user\documents\htk_project\3652_adc_test_vib_1\hal_rf.c"
  93  0013  0F00     E  	mov a,low offset _BC3602_T
  93  0014  0080     E  	mov _SimpleFIFO_TX_Process_2[0],a
  93  0015  0F00     E  	mov a,high offset _BC3602_T
  93  0016  0080     E  	mov _SimpleFIFO_TX_Process_2[1],a
  93  0017  2000     E  	call _SimpleFIFO_TX_Process
  93  0018              _L47:
  95  0018              #line 95 "c:\users\user\documents\htk_project\3652_adc_test_vib_1\hal_rf.c"
  95  0018  0700     E  	mov a,_BC3602_T[0]
  95  0019  0A05        	sub a,5
  95  001A  390A        	snz z
  95  001B  2800     R  	jmp _L48
  96  001C              #line 96 "c:\users\user\documents\htk_project\3652_adc_test_vib_1\hal_rf.c"
  96  001C  0F00     E  	mov a,low offset _BC3602_T
  96  001D  0080     E  	mov _SimpleFIFO_RX_Process_2[0],a
  96  001E  0F00     E  	mov a,high offset _BC3602_T
  96  001F  0080     E  	mov _SimpleFIFO_RX_Process_2[1],a
  96  0020  2000     E  	call _SimpleFIFO_RX_Process
  96  0021              _L48:
  98  0021              #line 98 "c:\users\user\documents\htk_project\3652_adc_test_vib_1\hal_rf.c"
  98  0021  0F00     E  	mov a,low offset _BC3602_T
  98  0022  0080     R  	mov _RF_Finished_Process_2[0],a
  98  0023  0F00     E  	mov a,high offset _BC3602_T
  98  0024  0080     R  	mov _RF_Finished_Process_2[1],a
  98  0025  2000     R  	call _RF_Finished_Process
  98  0026  0003        	ret
  98  0027              _RF_Process endp
  98  0027              #line 98 "c:\users\user\documents\htk_project\3652_adc_test_vib_1\hal_rf.c"
  98  0027              #pragma debug scope 1 1
  98  0027              ___pas0 equ [91]
  98  0027              ___pas1 equ [92]
  98  0027              ___pbs0 equ [93]
  98  0027              ___pbs1 equ [94]
  98  0027              ___pcs0 equ [95]
  98  0027              ___pcs1 equ [96]
  98  0027              ___pds0 equ [97]
  98  0027              ___pawu equ [23]
  98  0027              ___pb equ [37]
  98  0027              ___pbc equ [38]
  98  0027              ___pc equ [65]
  98  0027              ___pd equ [82]
  98  0027              ___lvdc equ [24]
  98  0027              public _System_deepsleep
  98  0027              #pragma debug scope 9 1
 255  0027              #line 255 "c:\users\user\documents\htk_project\3652_adc_test_vib_1\hal_rf.c"
"File: hal_rf.c      Assembler  Version HGASM0202      Page 11

 255  0000              _System_deepsleep .section 'code'
 255  0000              _System_deepsleep proc
 256  0000              #line 256 "c:\users\user\documents\htk_project\3652_adc_test_vib_1\hal_rf.c"
 256  0000  1F5B        	clr [91]
 257  0001              #line 257 "c:\users\user\documents\htk_project\3652_adc_test_vib_1\hal_rf.c"
 257  0001  1F5C        	clr [92]
 258  0002              #line 258 "c:\users\user\documents\htk_project\3652_adc_test_vib_1\hal_rf.c"
 258  0002  1F5D        	clr [93]
 259  0003              #line 259 "c:\users\user\documents\htk_project\3652_adc_test_vib_1\hal_rf.c"
 259  0003  1F5E        	clr [94]
 260  0004              #line 260 "c:\users\user\documents\htk_project\3652_adc_test_vib_1\hal_rf.c"
 260  0004  1F5F        	clr [95]
 261  0005              #line 261 "c:\users\user\documents\htk_project\3652_adc_test_vib_1\hal_rf.c"
 261  0005  1F60        	clr [96]
 262  0006              #line 262 "c:\users\user\documents\htk_project\3652_adc_test_vib_1\hal_rf.c"
 262  0006  1F61        	clr [97]
 264  0007              #line 264 "c:\users\user\documents\htk_project\3652_adc_test_vib_1\hal_rf.c"
 264  0007  1F94        	set [20]
 265  0008              #line 265 "c:\users\user\documents\htk_project\3652_adc_test_vib_1\hal_rf.c"
 265  0008  1F15        	clr [21]
 266  0009              #line 266 "c:\users\user\documents\htk_project\3652_adc_test_vib_1\hal_rf.c"
 266  0009  1F17        	clr [23]
 267  000A              #line 267 "c:\users\user\documents\htk_project\3652_adc_test_vib_1\hal_rf.c"
 267  000A  1FA5        	set [37]
 268  000B              #line 268 "c:\users\user\documents\htk_project\3652_adc_test_vib_1\hal_rf.c"
 268  000B  1F26        	clr [38]
 269  000C              #line 269 "c:\users\user\documents\htk_project\3652_adc_test_vib_1\hal_rf.c"
 269  000C  1FC1        	set [65]
 270  000D              #line 270 "c:\users\user\documents\htk_project\3652_adc_test_vib_1\hal_rf.c"
 270  000D  1F42        	clr [66]
 271  000E              #line 271 "c:\users\user\documents\htk_project\3652_adc_test_vib_1\hal_rf.c"
 271  000E  1F52        	clr [82]
 273  000F              #line 273 "c:\users\user\documents\htk_project\3652_adc_test_vib_1\hal_rf.c"
 273  000F  3411        	clr [17].0
 274  0010              #line 274 "c:\users\user\documents\htk_project\3652_adc_test_vib_1\hal_rf.c"
 274  0010  0FA8        	mov a,168
 274  0011  009A        	mov [26],a
 275  0012              #line 275 "c:\users\user\documents\htk_project\3652_adc_test_vib_1\hal_rf.c"
 275  0012  3618        	clr [24].4
 276  0013              #line 276 "c:\users\user\documents\htk_project\3652_adc_test_vib_1\hal_rf.c"
 276  0013  3499        	clr [25].1
 277  0014              #line 277 "c:\users\user\documents\htk_project\3652_adc_test_vib_1\hal_rf.c"
 277  0014  3419        	clr [25].0
 278  0015              #line 278 "c:\users\user\documents\htk_project\3652_adc_test_vib_1\hal_rf.c"
 278  0015              ;# 278 "c:\users\user\documents\htk_project\3652_adc_test_vib_1\hal_rf.c" 1
 278  0015  0002        	halt
 278  0016  0003        	ret
 278  0017              _System_deepsleep endp
 278  0017              #line 278 "c:\users\user\documents\htk_project\3652_adc_test_vib_1\hal_rf.c"
 278  0017              #pragma debug scope 1 1
   3  0017              #line 3 "c:\users\user\documents\htk_project\3652_adc_test_vib_1\hal_rf.c"
   3  0017              public _Mflag
   3  0000              @HCCINIT0_Mflag .section 'data'
   3  0000  0005[       _Mflag	db 5 dup(0)
            00
            ]
   3  0005              #pragma debug struct_end
   3  0005              #pragma debug struct_end
   3  0005              #pragma debug variable 45 1 _Mflag "Mflag"
   3  0005              
"File: hal_rf.c      Assembler  Version HGASM0202      Page 12

   3  0000              @HCCINIT .section 'data'
   3  0000              #pragma debug variable 8 1 ___mp1l "__mp1l" 1
   3  0000              #pragma debug variable 8 1 ___mp1h "__mp1h" 1
   3  0000              #pragma debug variable 8 1 ___tblp "__tblp" 1
   3  0000              #pragma debug struct_end
   3  0000              #pragma debug struct_end
   3  0000              #pragma debug union_end
   3  0000              #pragma debug union_end
   3  0000              #pragma debug variable 47 1 ___integ "__integ" 1
   3  0000              #pragma debug struct_end
   3  0000              #pragma debug struct_end
   3  0000              #pragma debug union_end
   3  0000              #pragma debug union_end
   3  0000              #pragma debug variable 49 1 ___intc0 "__intc0" 1
   3  0000              #pragma debug struct_end
   3  0000              #pragma debug struct_end
   3  0000              #pragma debug union_end
   3  0000              #pragma debug union_end
   3  0000              #pragma debug variable 51 1 ___intc1 "__intc1" 1
   3  0000              #pragma debug struct_end
   3  0000              #pragma debug struct_end
   3  0000              #pragma debug union_end
   3  0000              #pragma debug union_end
   3  0000              #pragma debug variable 53 1 ___pa "__pa" 1
   3  0000              #pragma debug struct_end
   3  0000              #pragma debug struct_end
   3  0000              #pragma debug union_end
   3  0000              #pragma debug union_end
   3  0000              #pragma debug variable 55 1 ___pac "__pac" 1
   3  0000              #pragma debug struct_end
   3  0000              #pragma debug struct_end
   3  0000              #pragma debug union_end
   3  0000              #pragma debug union_end
   3  0000              #pragma debug variable 57 1 ___papu "__papu" 1
   3  0000              #pragma debug struct_end
   3  0000              #pragma debug struct_end
   3  0000              #pragma debug union_end
   3  0000              #pragma debug union_end
   3  0000              #pragma debug variable 59 1 ___pawu "__pawu" 1
   3  0000              #pragma debug struct_end
   3  0000              #pragma debug struct_end
   3  0000              #pragma debug union_end
   3  0000              #pragma debug union_end
   3  0000              #pragma debug variable 61 1 ___lvdc "__lvdc" 1
   3  0000              #pragma debug struct_end
   3  0000              #pragma debug struct_end
   3  0000              #pragma debug union_end
   3  0000              #pragma debug union_end
   3  0000              #pragma debug variable 63 1 ___scc "__scc" 1
   3  0000              #pragma debug struct_end
   3  0000              #pragma debug struct_end
   3  0000              #pragma debug union_end
   3  0000              #pragma debug union_end
   3  0000              #pragma debug variable 65 1 ___wdtc "__wdtc" 1
   3  0000              #pragma debug struct_end
   3  0000              #pragma debug struct_end
   3  0000              #pragma debug union_end
   3  0000              #pragma debug union_end
   3  0000              #pragma debug variable 67 1 ___tb0c "__tb0c" 1
   3  0000              #pragma debug struct_end
"File: hal_rf.c      Assembler  Version HGASM0202      Page 13

   3  0000              #pragma debug struct_end
   3  0000              #pragma debug union_end
   3  0000              #pragma debug union_end
   3  0000              #pragma debug variable 69 1 ___hircc "__hircc" 1
   3  0000              #pragma debug struct_end
   3  0000              #pragma debug struct_end
   3  0000              #pragma debug union_end
   3  0000              #pragma debug union_end
   3  0000              #pragma debug variable 71 1 ___pb "__pb" 1
   3  0000              #pragma debug struct_end
   3  0000              #pragma debug struct_end
   3  0000              #pragma debug union_end
   3  0000              #pragma debug union_end
   3  0000              #pragma debug variable 73 1 ___pbc "__pbc" 1
   3  0000              #pragma debug struct_end
   3  0000              #pragma debug struct_end
   3  0000              #pragma debug union_end
   3  0000              #pragma debug union_end
   3  0000              #pragma debug variable 75 1 ___pbpu "__pbpu" 1
   3  0000              #pragma debug struct_end
   3  0000              #pragma debug struct_end
   3  0000              #pragma debug union_end
   3  0000              #pragma debug union_end
   3  0000              #pragma debug variable 77 1 ___pc "__pc" 1
   3  0000              #pragma debug struct_end
   3  0000              #pragma debug struct_end
   3  0000              #pragma debug union_end
   3  0000              #pragma debug union_end
   3  0000              #pragma debug variable 79 1 ___pcc "__pcc" 1
   3  0000              #pragma debug struct_end
   3  0000              #pragma debug struct_end
   3  0000              #pragma debug union_end
   3  0000              #pragma debug union_end
   3  0000              #pragma debug variable 81 1 ___pcpu "__pcpu" 1
   3  0000              #pragma debug struct_end
   3  0000              #pragma debug struct_end
   3  0000              #pragma debug union_end
   3  0000              #pragma debug union_end
   3  0000              #pragma debug variable 83 1 ___ifs "__ifs" 1
   3  0000              #pragma debug struct_end
   3  0000              #pragma debug struct_end
   3  0000              #pragma debug union_end
   3  0000              #pragma debug union_end
   3  0000              #pragma debug variable 85 1 ___pd "__pd" 1
   3  0000              #pragma debug struct_end
   3  0000              #pragma debug struct_end
   3  0000              #pragma debug union_end
   3  0000              #pragma debug union_end
   3  0000              #pragma debug variable 87 1 ___pdc "__pdc" 1
   3  0000              #pragma debug struct_end
   3  0000              #pragma debug struct_end
   3  0000              #pragma debug union_end
   3  0000              #pragma debug union_end
   3  0000              #pragma debug variable 89 1 ___pdpu "__pdpu" 1
   3  0000              #pragma debug struct_end
   3  0000              #pragma debug struct_end
   3  0000              #pragma debug union_end
   3  0000              #pragma debug union_end
   3  0000              #pragma debug variable 91 1 ___pas0 "__pas0" 1
   3  0000              #pragma debug struct_end
"File: hal_rf.c      Assembler  Version HGASM0202      Page 14

   3  0000              #pragma debug struct_end
   3  0000              #pragma debug union_end
   3  0000              #pragma debug union_end
   3  0000              #pragma debug variable 93 1 ___pas1 "__pas1" 1
   3  0000              #pragma debug struct_end
   3  0000              #pragma debug struct_end
   3  0000              #pragma debug union_end
   3  0000              #pragma debug union_end
   3  0000              #pragma debug variable 95 1 ___pbs0 "__pbs0" 1
   3  0000              #pragma debug struct_end
   3  0000              #pragma debug struct_end
   3  0000              #pragma debug union_end
   3  0000              #pragma debug union_end
   3  0000              #pragma debug variable 97 1 ___pbs1 "__pbs1" 1
   3  0000              #pragma debug struct_end
   3  0000              #pragma debug struct_end
   3  0000              #pragma debug union_end
   3  0000              #pragma debug union_end
   3  0000              #pragma debug variable 99 1 ___pcs0 "__pcs0" 1
   3  0000              #pragma debug struct_end
   3  0000              #pragma debug struct_end
   3  0000              #pragma debug union_end
   3  0000              #pragma debug union_end
   3  0000              #pragma debug variable 101 1 ___pcs1 "__pcs1" 1
   3  0000              #pragma debug struct_end
   3  0000              #pragma debug struct_end
   3  0000              #pragma debug union_end
   3  0000              #pragma debug union_end
   3  0000              #pragma debug variable 103 1 ___pds0 "__pds0" 1
   3  0000              #pragma debug struct_end
   3  0000              #pragma debug struct_end
   3  0000              #pragma debug union_end
   3  0000              #pragma debug union_end
   3  0000              #pragma debug variable 105 1 ___psc0r "__psc0r" 1
   3  0000              #pragma debug variable 8 1 ___iar1 "__iar1" 1
   3  0000              
   3  0000              ; output external variables
   3  0000              extern _intF:byte
   3  0000              extern _RF_RXFIFO:byte
   3  0000              extern _RF_TXFIFO:byte
   3  0000              extern _BC3602_T:byte
   3  0000              extern _RF_Init:near
   3  0000              extern _RF_Parameter_loading:near
   3  0000              extern _uart_printf_2:byte
   3  0000              extern _uart_printf:near
   3  0000              extern _delay_2:byte
   3  0000              extern _delay:near
   3  0000              extern _SimpleFIFO_TX_Process_2:byte
   3  0000              extern _SimpleFIFO_TX_Process:near
   3  0000              extern _SimpleFIFO_RX_Process_2:byte
   3  0000              extern _SimpleFIFO_RX_Process:near
   3  0000              
   3  0000              ; 
   3  0000              ; Generated by holtek-gcc v3.19, Fri May 27 15:24:13 2022
   3  0000              ; Rebuild 718
   3  0000              ; end of file


        0 Errors, 0