"File: hal_uart.c    Assembler  Version HGASM0202      Page 1


   1  0000              ; Generated by holtek-gcc v3.19, Fri May 27 15:23:57 2022
   2  0000              ; 
   3  0000              ; Configuration:
   4  0000              ;       with long instruction
   5  0000              ;       Single ROM, Multi-RAM
   6  0000              ;       bits_per_rom_unit:16
   7  0000              ;       with mp1
   8  0000              ;       with tbhp, address(0x9)
   9  0000              ;          Use tabrd-const
  10  0000              ;       
  11  0000              ; SFR address of long-instruction arch:
  12  0000              ;    mp0 = -1,1,0
  13  0000              ;    mp1 = 4,3,2
  14  0000              ;    mp2 = 14,13,12
  15  0000              ;    tbp = 9,7,8
  16  0000              ;    acc = 5
  17  0000              ;    pcl = 6
  18  0000              ;    status = 10
  19  0000              ;    bp = 11
  20  0000              ;    intc = 17
  21  0000              ;       
  22  0000              ;       
  23  0000              ; use 'tabrdc' instead of 'tabrd'
  24  0000              ;       
  25  0000              
  26  0000              #pragma translator "holtek-gcc 4.6.4" "3.19" "build 20130711"
  27  0000              ; Rebuild 718
  28  0000              
  29  0000              ir equ [2]
  30  0000              mp equ [3]
  31  0000              sbp equ [4]
  32  0000              acc equ [5]
  33  0000              bp equ [11]
  34  0000              tblp equ [7]
  35  0000              tbhp equ [9]
  36  0000              status equ [10]
  37  0000              c equ [10].0
  38  0000              ac equ [10].1
  39  0000              z equ [10].2
  40  0000              ov equ [10].3
  41  0000              cz equ [10].6
  42  0000              sc equ [10].7
  43  0000              intc equ [17]
  44  0000              
  45  0000              extern ra:byte
  46  0000              extern rb:byte
  47  0000              extern rc:byte
  48  0000              extern rd:byte
  49  0000              extern re:byte
  50  0000              extern rf:byte
  51  0000              extern rg:byte
  52  0000              extern rh:byte
  53  0000              extern _Crom2Prom:near
  54  0000              extern _Crom2PromNext:near
  55  0000              
  56  0000              RAMBANK 0 @BITDATASEC, @BITDATASEC1
  57  0000              @HCCINIT	.section 'data'
  58  0000              @HCCINIT0	.section 'data'
  59  0000              @BITDATASEC	 .section 'data'
"File: hal_uart.ASM  Assembler  Version HGASM0202      Page 2

  60  0000              @BITDATASEC1	 .section 'data'
  61  0000              
  62  0000              #pragma debug scope 1 1
  63  0000              	extern __DELAY3:near
  64  0000              	extern __DELAYX3:near
  65  0000              	extern __DELAYX6:near
  66  0000              	extern __DELAYY5:near
  67  0000              	extern __DELAYY3:near
  68  0000              	extern _builtin_holtek_delay_2:byte
  69  0000              @crom	.section 'crom'
  70  0000              _LC0:
  71  0000              	db 07ah,079h,078h,077h,076h,075h,074h,073h,072h,071h
  72  0005              	db 070h,06fh,06eh,06dh,06ch,06bh,06ah,069h,068h,067h
  73  000A              	db 066h,065h,064h,063h,062h,061h,039h,038h,037h,036h
  74  000F              	db 035h,034h,033h,032h,031h,030h,031h,032h,033h,034h
  75  0014              	db 035h,036h,037h,038h,039h,061h,062h,063h,064h,065h
  76  0019              	db 066h,067h,068h,069h,06ah,06bh,06ch,06dh,06eh,06fh
  77  001E              	db 070h,071h,072h,073h,074h,075h,076h,077h,078h,079h
  78  0023              	db 07ah,00h
  79  0024              public _itoa
  80  0024              #pragma debug scope 2 1

   7  0024              #line 7 "c:\users\user\documents\htk_project\3652_adc_test_vib_1\hal_uart.c"
   7  0000              _itoa .section 'code'
   7  0000              _itoa proc
   7  0000              public _itoa_2
   7  0000  000A[           local _itoa_2 db 10 dup(?)	; 6,4
            00
            ]
   7  000A              #pragma debug variable 11 2 _itoa_2+0 "value"
   7  000A              #pragma debug pointer 42 7 2
   7  000A              #pragma debug pointer 42 7 2
   7  000A              #pragma debug variable 42 2 _itoa_2+2 "result"
   7  000A              #pragma debug variable 11 2 _itoa_2+4 "base"
   9  000A              #line 9 "c:\users\user\documents\htk_project\3652_adc_test_vib_1\hal_uart.c"
   9  0000  0FFE        	mov a,254
   9  0001  0300     R  	add a,_itoa_2[4]
   9  0002  0080     E  	mov rb,a
   9  0003  0FFF        	mov a,255
   9  0004  1300     R  	adc a,_itoa_2[5]
   9  0005  0080     E  	mov rc,a
   9  0006  0700     R  	mov a,_itoa_2[2]
   9  0007  0080     E  	mov rd,a
   9  0008  0700     R  	mov a,_itoa_2[3]
   9  0009  0080     E  	mov ra,a
   9  000A  0F22        	mov a,34
   9  000B  0200     E  	sub a,rb
   9  000C  0F00        	mov a,0
   9  000D  1200     E  	sbc a,rc
   9  000E  3C0A        	sz c
   9  000F  2800     R  	jmp _L2
   9  0010              #line 9 "c:\users\user\documents\htk_project\3652_adc_test_vib_1\hal_uart.c"
   9  0010  0700     E  	mov a,rd
   9  0011  0083        	mov mp,a
   9  0012  0700     E  	mov a,ra
   9  0013  0084        	mov sbp,a
   9  0014  0F00        	mov a,0
   9  0015  0082        	mov ir,a
   9  0016  2800     R  	jmp _L3
   9  0017              _L2:
"File: hal_uart.c    Assembler  Version HGASM0202      Page 3

   9  0017  0700     E  	mov a,rd
   9  0018  0080     E  	mov rb,a
   9  0019  0700     E  	mov a,ra
   9  001A  0080     E  	mov rc,a
   9  001B              _L5:
  16  001B              #line 16 "c:\users\user\documents\htk_project\3652_adc_test_vib_1\hal_uart.c"
  16  001B  0700     R  	mov a,_itoa_2[0]
  16  001C  0080     E  	mov _builtin_holtek_udivmodhi4_2[0],a
  16  001D  0700     R  	mov a,_itoa_2[1]
  16  001E  0080     E  	mov _builtin_holtek_udivmodhi4_2[1],a
  16  001F  0700     R  	mov a,_itoa_2[4]
  16  0020  0080     E  	mov _builtin_holtek_udivmodhi4_2[2],a
  16  0021  0700     R  	mov a,_itoa_2[5]
  16  0022  0080     E  	mov _builtin_holtek_udivmodhi4_2[3],a
  16  0023  2000     E  	call _builtin_holtek_divmodhi4
  16  0024  0700     E  	mov a,_builtin_holtek_udivmodhi4_2[0]
  16  0025  0080     E  	mov rf,a
  16  0026  0700     E  	mov a,_builtin_holtek_udivmodhi4_2[1]
  16  0027  0080     E  	mov rg,a
  17  0028              #line 17 "c:\users\user\documents\htk_project\3652_adc_test_vib_1\hal_uart.c"
  17  0028  0F01        	mov a,1
  17  0029  0300     E  	add a,rb
  17  002A  0080     R  	mov _itoa_2[8],a
  17  002B  0F00        	mov a,0
  17  002C  1300     E  	adc a,rc
  17  002D  0080     R  	mov _itoa_2[9],a
  17  002E  0700     E  	mov a,rf  
  17  002F  0080     E  	mov _builtin_holtek_mulhi3_2[0],a  
  17  0030  0700     E  	mov a,rg  
  17  0031  0080     E  	mov _builtin_holtek_mulhi3_2[1],a
  17  0032  0700     R  	mov a,_itoa_2[4]  
  17  0033  0080     E  	mov _builtin_holtek_mulhi3_2[2],a  
  17  0034  0700     R  	mov a,_itoa_2[5]  
  17  0035  0080     E  	mov _builtin_holtek_mulhi3_2[3],a
  17  0036  2000     E  	call _builtin_holtek_mulhi3
  17  0037  0700     E  	mov a,_builtin_holtek_mulhi3_2[4]  
  17  0038  0080     R  	mov _itoa_2[6],a  
  17  0039  0700     E  	mov a,_builtin_holtek_mulhi3_2[5]  
  17  003A  0080     R  	mov _itoa_2[7],a
  17  003B  0700     R  	mov a,_itoa_2[0]
  17  003C  0200     R  	sub a,_itoa_2[6]
  17  003D  0080     E  	mov rd,a
  17  003E  0700     R  	mov a,_itoa_2[1]
  17  003F  1200     R  	sbc a,_itoa_2[7]
  17  0040  0080     E  	mov re,a
  17  0041  0F00     R  	mov a,low (offset _LC0+35)
  17  0042  0300     E  	add a,rd
  17  0043  0083        	mov mp,a
  17  0044  0F00     R  	mov a,high (offset _LC0+35)
  17  0045  1300     E  	adc a,re
  17  0046  0084        	mov sbp,a
  17  0047  2000     E  	call _Crom2Prom
  17  0048  0080     E  	mov ra,a
  17  0049  0700     E  	mov a,rb
  17  004A  0083        	mov mp,a
  17  004B  0700     E  	mov a,rc
  17  004C  0084        	mov sbp,a
  17  004D  0700     E  	mov a,ra
  17  004E  0082        	mov ir,a
  18  004F              #line 18 "c:\users\user\documents\htk_project\3652_adc_test_vib_1\hal_uart.c"
"File: hal_uart.c    Assembler  Version HGASM0202      Page 4

  18  004F  0700     E  	mov a,rf
  18  0050  0500     E  	or a,rg
  18  0051  3D0A        	sz z
  18  0052  2800     R  	jmp _L4
  17  0053              #line 17 "c:\users\user\documents\htk_project\3652_adc_test_vib_1\hal_uart.c"
  17  0053  0700     R  	mov a,_itoa_2[8]
  17  0054  0080     E  	mov rb,a
  17  0055  0700     R  	mov a,_itoa_2[9]
  17  0056  0080     E  	mov rc,a
  16  0057              #line 16 "c:\users\user\documents\htk_project\3652_adc_test_vib_1\hal_uart.c"
  16  0057  0700     E  	mov a,rf
  16  0058  0080     R  	mov _itoa_2[0],a
  16  0059  0700     E  	mov a,rg
  16  005A  0080     R  	mov _itoa_2[1],a
  16  005B  2800     R  	jmp _L5
  16  005C              _L4:
  21  005C              #line 21 "c:\users\user\documents\htk_project\3652_adc_test_vib_1\hal_uart.c"
  21  005C  3800     R  	snz _itoa_2[1].7
  21  005D  2800     R  	jmp _L6
  21  005E  0F02        	mov a,2
  21  005F  0300     E  	add a,rb
  21  0060  0080     R  	mov _itoa_2[8],a
  21  0061  0F00        	mov a,0
  21  0062  1300     E  	adc a,rc
  21  0063  0080     R  	mov _itoa_2[9],a
  21  0064  0F01        	mov a,1
  21  0065  0300     E  	add a,rb
  21  0066  0083        	mov mp,a
  21  0067  0F00        	mov a,0
  21  0068  1300     E  	adc a,rc
  21  0069  0084        	mov sbp,a
  21  006A  0F2D        	mov a,45
  21  006B  0082        	mov ir,a
  21  006C              _L6:
  22  006C              #line 22 "c:\users\user\documents\htk_project\3652_adc_test_vib_1\hal_uart.c"
  22  006C  0700     R  	mov a,_itoa_2[8]
  22  006D  0083        	mov mp,a
  22  006E  0700     R  	mov a,_itoa_2[9]
  22  006F  0084        	mov sbp,a
  22  0070  0F00        	mov a,0
  22  0071  0082        	mov ir,a
  22  0072  0703        	mov a,mp
  22  0073  0080     E  	mov rb,a
  22  0074  0704        	mov a,sbp
  22  0075  0080     E  	mov rc,a
  22  0076  0FFF        	mov a,255
  22  0077  0380     E  	addm a,rb
  22  0078  0FFF        	mov a,255
  22  0079  1380     E  	adcm a,rc
  22  007A  0700     R  	mov a,_itoa_2[2]
  22  007B  0080     E  	mov rd,a
  22  007C  0700     R  	mov a,_itoa_2[3]
  22  007D  0080     E  	mov re,a
  22  007E              _L7:
  23  007E              #line 23 "c:\users\user\documents\htk_project\3652_adc_test_vib_1\hal_uart.c"
  23  007E  0700     E  	mov a,rd
  23  007F  0200     E  	sub a,rb
  23  0080  0700     E  	mov a,re
  23  0081  1200     E  	sbc a,rc
  23  0082  3C0A        	sz c
"File: hal_uart.c    Assembler  Version HGASM0202      Page 5

  23  0083  2800     R  	jmp _L3
  24  0084              #line 24 "c:\users\user\documents\htk_project\3652_adc_test_vib_1\hal_uart.c"
  24  0084  0700     E  	mov a,rb
  24  0085  0083        	mov mp,a
  24  0086  0700     E  	mov a,rc
  24  0087  0084        	mov sbp,a
  24  0088  2000     E  	call _Crom2Prom
  24  0089  0080     E  	mov ra,a
  25  008A              #line 25 "c:\users\user\documents\htk_project\3652_adc_test_vib_1\hal_uart.c"
  25  008A  0700     E  	mov a,rd
  25  008B  0083        	mov mp,a
  25  008C  0700     E  	mov a,re
  25  008D  0084        	mov sbp,a
  25  008E  2000     E  	call _Crom2Prom
  25  008F  0080     E  	mov rf,a
  25  0090  0700     E  	mov a,rb
  25  0091  0083        	mov mp,a
  25  0092  0700     E  	mov a,rc
  25  0093  0084        	mov sbp,a
  25  0094  0700     E  	mov a,rf
  25  0095  0082        	mov ir,a
  26  0096              #line 26 "c:\users\user\documents\htk_project\3652_adc_test_vib_1\hal_uart.c"
  26  0096  0700     E  	mov a,rd
  26  0097  0083        	mov mp,a
  26  0098  0700     E  	mov a,re
  26  0099  0084        	mov sbp,a
  26  009A  0700     E  	mov a,ra
  26  009B  0082        	mov ir,a
  26  009C  0FFF        	mov a,255
  26  009D  0380     E  	addm a,rb
  26  009E  0FFF        	mov a,255
  26  009F  1380     E  	adcm a,rc
  26  00A0  1480     E  	inc rd
  26  00A1  3D0A        	sz z
  26  00A2  1480     E  	inc re
  26  00A3  2800     R  	jmp _L7
  26  00A4              _L3:
  29  00A4              #line 29 "c:\users\user\documents\htk_project\3652_adc_test_vib_1\hal_uart.c"
  29  00A4  0700     R  	mov a,_itoa_2[2]
  29  00A5  0080     E  	mov ra,a
  29  00A6  0700     R  	mov a,_itoa_2[3]
  29  00A7  0080     E  	mov rb,a
  29  00A8  0003        	ret
  29  00A9              _itoa endp
  29  00A9              #line 29 "c:\users\user\documents\htk_project\3652_adc_test_vib_1\hal_uart.c"
  29  00A9              #pragma debug scope 1 1
  29  00A9              ___ucr2 equ [87]
  29  00A9              ___intc2 equ [19]
  29  00A9              public _uart_int_init
  29  00A9              #pragma debug scope 3 1
  49  00A9              #line 49 "c:\users\user\documents\htk_project\3652_adc_test_vib_1\hal_uart.c"
  49  0000              _uart_int_init .section 'code'
  49  0000              _uart_int_init proc
  50  0000              #line 50 "c:\users\user\documents\htk_project\3652_adc_test_vib_1\hal_uart.c"
  50  0000  3157        	set [87].2
  51  0001              #line 51 "c:\users\user\documents\htk_project\3652_adc_test_vib_1\hal_uart.c"
  51  0001  31D7        	set [87].3
  52  0002              #line 52 "c:\users\user\documents\htk_project\3652_adc_test_vib_1\hal_uart.c"
  52  0002  34D7        	clr [87].1
  53  0003              #line 53 "c:\users\user\documents\htk_project\3652_adc_test_vib_1\hal_uart.c"
"File: hal_uart.c    Assembler  Version HGASM0202      Page 6

  53  0003  3457        	clr [87].0
  54  0004              #line 54 "c:\users\user\documents\htk_project\3652_adc_test_vib_1\hal_uart.c"
  54  0004  3193        	set [19].3
  55  0005              #line 55 "c:\users\user\documents\htk_project\3652_adc_test_vib_1\hal_uart.c"
  55  0005  3793        	clr [19].7
  55  0006  0003        	ret
  55  0007              _uart_int_init endp
  55  0007              #line 55 "c:\users\user\documents\htk_project\3652_adc_test_vib_1\hal_uart.c"
  55  0007              #pragma debug scope 1 1
  55  0007              ___pdpu equ [84]
  55  0007              ___pdc equ [83]
  55  0007              ___pds0 equ [97]
  55  0007              ___ifs equ [81]
  55  0007              ___ucr1 equ [86]
  55  0007              ___brg equ [88]
  55  0007              public _uart_prot_init
  55  0007              #pragma debug scope 4 1
  33  0007              #line 33 "c:\users\user\documents\htk_project\3652_adc_test_vib_1\hal_uart.c"
  33  0000              _uart_prot_init .section 'code'
  33  0000              _uart_prot_init proc
  34  0000              #line 34 "c:\users\user\documents\htk_project\3652_adc_test_vib_1\hal_uart.c"
  34  0000  30D4        	set [84].1
  35  0001              #line 35 "c:\users\user\documents\htk_project\3652_adc_test_vib_1\hal_uart.c"
  35  0001  30D3        	set [83].1
  36  0002              #line 36 "c:\users\user\documents\htk_project\3652_adc_test_vib_1\hal_uart.c"
  36  0002  3553        	clr [83].2
  38  0003              #line 38 "c:\users\user\documents\htk_project\3652_adc_test_vib_1\hal_uart.c"
  38  0003  0F14        	mov a,20
  38  0004  05E1        	orm a,[97]
  39  0005              #line 39 "c:\users\user\documents\htk_project\3652_adc_test_vib_1\hal_uart.c"
  39  0005  3451        	clr [81].0
  41  0006              #line 41 "c:\users\user\documents\htk_project\3652_adc_test_vib_1\hal_uart.c"
  41  0006  0F80        	mov a,128
  41  0007  00D6        	mov [86],a
  42  0008              #line 42 "c:\users\user\documents\htk_project\3652_adc_test_vib_1\hal_uart.c"
  42  0008  0FC0        	mov a,192
  42  0009  00D7        	mov [87],a
  43  000A              #line 43 "c:\users\user\documents\htk_project\3652_adc_test_vib_1\hal_uart.c"
  43  000A  0F0C        	mov a,12
  43  000B  00D8        	mov [88],a
  45  000C              #line 45 "c:\users\user\documents\htk_project\3652_adc_test_vib_1\hal_uart.c"
  45  000C  2000     R  	call _uart_int_init
  45  000D  0003        	ret
  45  000E              _uart_prot_init endp
  45  000E              #line 45 "c:\users\user\documents\htk_project\3652_adc_test_vib_1\hal_uart.c"
  45  000E              #pragma debug scope 1 1
  45  000E              ___usr equ [85]
  45  000E              ___txr_rxr equ [89]
  45  000E              public _uart_send
  45  000E              #pragma debug scope 5 1
  59  000E              #line 59 "c:\users\user\documents\htk_project\3652_adc_test_vib_1\hal_uart.c"
  59  0000              _uart_send .section 'code'
  59  0000              _uart_send proc
  59  0000  00              local _uart_send_2 db 1 dup(?)	; 0,1
  59  0000  0080     R  	mov _uart_send_2[0],a
  59  0001              #pragma debug variable 8 5 _uart_send_2+0 "data"
  59  0001              _L14:
  60  0001              #line 60 "c:\users\user\documents\htk_project\3652_adc_test_vib_1\hal_uart.c"
  60  0001  38D5        	snz [85].1
  60  0002  2800     R  	jmp _L14
"File: hal_uart.c    Assembler  Version HGASM0202      Page 7

  61  0003              #line 61 "c:\users\user\documents\htk_project\3652_adc_test_vib_1\hal_uart.c"
  61  0003  0700     R  	mov a,_uart_send_2[0]
  61  0004  00D9        	mov [89],a
  61  0005              _L16:
  62  0005              #line 62 "c:\users\user\documents\htk_project\3652_adc_test_vib_1\hal_uart.c"
  62  0005  38D5        	snz [85].1
  62  0006  2800     R  	jmp _L16
  62  0007  0003        	ret
  62  0008              _uart_send endp
  62  0008              #line 62 "c:\users\user\documents\htk_project\3652_adc_test_vib_1\hal_uart.c"
  62  0008              #pragma debug scope 1 1
  62  0008              public _uart_receive
  62  0008              #pragma debug scope 6 1
  66  0008              #line 66 "c:\users\user\documents\htk_project\3652_adc_test_vib_1\hal_uart.c"
  66  0000              _uart_receive .section 'code'
  66  0000              _uart_receive proc
  66  0000              _L19:
  68  0000              #line 68 "c:\users\user\documents\htk_project\3652_adc_test_vib_1\hal_uart.c"
  68  0000  39D5        	snz [85].3
  68  0001  2800     R  	jmp _L19
  69  0002              #line 69 "c:\users\user\documents\htk_project\3652_adc_test_vib_1\hal_uart.c"
  69  0002  0759        	mov a,[89]
  69  0003  0080     E  	mov ra,a
  71  0004              #line 71 "c:\users\user\documents\htk_project\3652_adc_test_vib_1\hal_uart.c"
  71  0004  0700     E  	mov a,ra
  71  0005  0003        	ret
  71  0006              _uart_receive endp
  71  0006              #line 71 "c:\users\user\documents\htk_project\3652_adc_test_vib_1\hal_uart.c"
  71  0006              #pragma debug scope 1 1
  71  0006              public _uart_printf
  71  0006              #pragma debug scope 7 1
  74  0006              #line 74 "c:\users\user\documents\htk_project\3652_adc_test_vib_1\hal_uart.c"
  74  0000              _uart_printf .section 'code'
  74  0000              _uart_printf proc
  74  0000              public _uart_printf_2
  74  0000  0002[           local _uart_printf_2 db 2 dup(?)	; 2,0
            00
            ]
  74  0002              #pragma debug pointer 43 7 7
  74  0002              #pragma debug pointer 43 7 7
  74  0002              #pragma debug variable 43 7 _uart_printf_2+0 "payload"
  75  0002              #line 75 "c:\users\user\documents\htk_project\3652_adc_test_vib_1\hal_uart.c"
  75  0000  2800     R  	jmp _L21
  75  0001              _L22:
  76  0001              #line 76 "c:\users\user\documents\htk_project\3652_adc_test_vib_1\hal_uart.c"
  76  0001  1480     R  	inc _uart_printf_2[0]
  76  0002  3D0A        	sz z
  76  0003  1480     R  	inc _uart_printf_2[1]
  76  0004  0700     E  	mov a,ra
  76  0005  2000     R  	call _uart_send
  76  0006              _L21:
  75  0006              #line 75 "c:\users\user\documents\htk_project\3652_adc_test_vib_1\hal_uart.c"
  75  0006  0700     R  	mov a,_uart_printf_2[0]
  75  0007  0083        	mov mp,a
  75  0008  0700     R  	mov a,_uart_printf_2[1]
  75  0009  0084        	mov sbp,a
  75  000A  2000     E  	call _Crom2Prom
  75  000B  0080     E  	mov ra,a
  75  000C  1080     E  	sz ra
  75  000D  2800     R  	jmp _L22
"File: hal_uart.c    Assembler  Version HGASM0202      Page 8

  75  000E  0003        	ret
  75  000F              _uart_printf endp
  75  000F              #line 75 "c:\users\user\documents\htk_project\3652_adc_test_vib_1\hal_uart.c"
  75  000F              #pragma debug scope 1 1
  75  000F              public _uart_int
  75  000F              #pragma debug scope 8 1
  80  000F              #line 80 "c:\users\user\documents\htk_project\3652_adc_test_vib_1\hal_uart.c"
  80  0000              _uart_int .section 'code'
  80  0000              _uart_int proc
  80  0000              public _uart_int_2
  80  0000  0002[           local _uart_int_2 db 2 dup(?)	; 2,0
            00
            ]
  80  0002              #pragma debug variable 10 8 _uart_int_2+0 "value"
  81  0002              #line 81 "c:\users\user\documents\htk_project\3652_adc_test_vib_1\hal_uart.c"
  81  0000  0F0A        	mov a,10
  81  0001  0080     E  	mov _memcpy_2[4],a
  81  0002  1F00     E  	clr _memcpy_2[5]
  81  0003  1F00     E  	clr _memcpy_2[2]
  81  0004  1F00     E  	clr _memcpy_2[3]
  81  0005  0700     R  	mov a,_temPtr[0]
  81  0006  0080     E  	mov _memcpy_2[0],a
  81  0007  0700     R  	mov a,_temPtr[1]
  81  0008  0080     E  	mov _memcpy_2[1],a
  81  0009  2000     E  	call _memcpy
  82  000A              #line 82 "c:\users\user\documents\htk_project\3652_adc_test_vib_1\hal_uart.c"
  82  000A  0F0A        	mov a,10
  82  000B  0080     R  	mov _itoa_2[4],a
  82  000C  1F00     R  	clr _itoa_2[5]
  82  000D  0700     R  	mov a,_temPtr[0]
  82  000E  0080     R  	mov _itoa_2[2],a
  82  000F  0700     R  	mov a,_temPtr[1]
  82  0010  0080     R  	mov _itoa_2[3],a
  82  0011  0700     R  	mov a,_uart_int_2[0]
  82  0012  0080     R  	mov _itoa_2[0],a
  82  0013  0700     R  	mov a,_uart_int_2[1]
  82  0014  0080     R  	mov _itoa_2[1],a
  82  0015  2000     R  	call _itoa
  83  0016              #line 83 "c:\users\user\documents\htk_project\3652_adc_test_vib_1\hal_uart.c"
  83  0016  0700     R  	mov a,_temPtr[0]
  83  0017  0080     R  	mov _uart_printf_2[0],a
  83  0018  0700     R  	mov a,_temPtr[1]
  83  0019  0080     R  	mov _uart_printf_2[1],a
  83  001A  2000     R  	call _uart_printf
  83  001B  0003        	ret
  83  001C              _uart_int endp
  83  001C              #line 83 "c:\users\user\documents\htk_project\3652_adc_test_vib_1\hal_uart.c"
  83  001C              #pragma debug scope 1 1
   5  001C              #line 5 "c:\users\user\documents\htk_project\3652_adc_test_vib_1\hal_uart.c"
   5  001C              public _temPtr
   5  0000              @HCCINIT0_temPtr .section 'data'
   5  0000  0002[       _temPtr	db 2 dup(0)
            00
            ]
   5  0002              #pragma debug pointer 44 7 1
   5  0002              #pragma debug pointer 44 7 1
   5  0002              #pragma debug variable 44 1 _temPtr "temPtr"
   5  0002              
   5  0000              @HCCINIT .section 'data'
   3  0000              #line 3 "c:\users\user\documents\htk_project\3652_adc_test_vib_1\hal_uart.c"
"File: hal_uart.c    Assembler  Version HGASM0202      Page 9

   3  0000              public _ReceiveData
   3  0000              @HCCINIT0_ReceiveData .section 'data'
   3  0000              _ReceiveData	db 0
   3  0001              #pragma debug variable 8 1 _ReceiveData "ReceiveData"
   3  0001              
   3  0000              @HCCINIT .section 'data'
   3  0000              #pragma debug struct_end
   3  0000              #pragma debug struct_end
   3  0000              #pragma debug union_end
   3  0000              #pragma debug union_end
   3  0000              #pragma debug variable 46 1 ___intc2 "__intc2" 1
   3  0000              #pragma debug struct_end
   3  0000              #pragma debug struct_end
   3  0000              #pragma debug union_end
   3  0000              #pragma debug union_end
   3  0000              #pragma debug variable 48 1 ___ifs "__ifs" 1
   3  0000              #pragma debug struct_end
   3  0000              #pragma debug struct_end
   3  0000              #pragma debug union_end
   3  0000              #pragma debug union_end
   3  0000              #pragma debug variable 50 1 ___pdc "__pdc" 1
   3  0000              #pragma debug struct_end
   3  0000              #pragma debug struct_end
   3  0000              #pragma debug union_end
   3  0000              #pragma debug union_end
   3  0000              #pragma debug variable 52 1 ___pdpu "__pdpu" 1
   3  0000              #pragma debug struct_end
   3  0000              #pragma debug struct_end
   3  0000              #pragma debug union_end
   3  0000              #pragma debug union_end
   3  0000              #pragma debug variable 54 1 ___usr "__usr" 1
   3  0000              #pragma debug struct_end
   3  0000              #pragma debug struct_end
   3  0000              #pragma debug union_end
   3  0000              #pragma debug union_end
   3  0000              #pragma debug variable 56 1 ___ucr1 "__ucr1" 1
   3  0000              #pragma debug struct_end
   3  0000              #pragma debug struct_end
   3  0000              #pragma debug union_end
   3  0000              #pragma debug union_end
   3  0000              #pragma debug variable 58 1 ___ucr2 "__ucr2" 1
   3  0000              #pragma debug struct_end
   3  0000              #pragma debug struct_end
   3  0000              #pragma debug union_end
   3  0000              #pragma debug union_end
   3  0000              #pragma debug variable 60 1 ___brg "__brg" 1
   3  0000              #pragma debug struct_end
   3  0000              #pragma debug struct_end
   3  0000              #pragma debug union_end
   3  0000              #pragma debug union_end
   3  0000              #pragma debug variable 62 1 ___txr_rxr "__txr_rxr" 1
   3  0000              #pragma debug struct_end
   3  0000              #pragma debug struct_end
   3  0000              #pragma debug union_end
   3  0000              #pragma debug union_end
   3  0000              #pragma debug variable 64 1 ___pds0 "__pds0" 1
   3  0000              extern _builtin_holtek_divmodhi4:near
   3  0000              extern _builtin_holtek_udivmodhi4_2:byte
   3  0000              extern _builtin_holtek_udivmodhi4:near
   3  0000              extern _builtin_holtek_mulhi3_2:byte
"File: hal_uart.c    Assembler  Version HGASM0202      Page 10

   3  0000              extern _builtin_holtek_mulhi3:near
   3  0000              extern _memcpy_2:byte
   3  0000              extern _memcpy:near
   3  0000              
   3  0000              ; 
   3  0000              ; Generated by holtek-gcc v3.19, Fri May 27 15:23:57 2022
   3  0000              ; Rebuild 718
   3  0000              ; end of file


        0 Errors, 0