"File: KEY.c         Assembler  Version HGASM0202      Page 1


   1  0000              ; Generated by holtek-gcc v3.19, Sat May 21 17:21:05 2022
   2  0000              ; 
   3  0000              ; Configuration:
   4  0000              ;       with long instruction
   5  0000              ;       Single ROM, Multi-RAM
   6  0000              ;       bits_per_rom_unit:16
   7  0000              ;       with mp1
   8  0000              ;       with tbhp, address(0x9)
   9  0000              ;          Use tabrd-const
  10  0000              ;       
  11  0000              ; SFR address of long-instruction arch:
  12  0000              ;    mp0 = -1,1,0
  13  0000              ;    mp1 = 4,3,2
  14  0000              ;    mp2 = 14,13,12
  15  0000              ;    tbp = 9,7,8
  16  0000              ;    acc = 5
  17  0000              ;    pcl = 6
  18  0000              ;    status = 10
  19  0000              ;    bp = 11
  20  0000              ;    intc = 17
  21  0000              ;       
  22  0000              ;       
  23  0000              ; use 'tabrdc' instead of 'tabrd'
  24  0000              ;       
  25  0000              
  26  0000              #pragma translator "holtek-gcc 4.6.4" "3.19" "build 20130711"
  27  0000              ; Rebuild 718
  28  0000              
  29  0000              ir equ [2]
  30  0000              mp equ [3]
  31  0000              sbp equ [4]
  32  0000              acc equ [5]
  33  0000              bp equ [11]
  34  0000              tblp equ [7]
  35  0000              tbhp equ [9]
  36  0000              status equ [10]
  37  0000              c equ [10].0
  38  0000              ac equ [10].1
  39  0000              z equ [10].2
  40  0000              ov equ [10].3
  41  0000              cz equ [10].6
  42  0000              sc equ [10].7
  43  0000              intc equ [17]
  44  0000              
  45  0000              extern ra:byte
  46  0000              extern rb:byte
  47  0000              extern rc:byte
  48  0000              extern rd:byte
  49  0000              extern re:byte
  50  0000              extern rf:byte
  51  0000              extern rg:byte
  52  0000              extern rh:byte
  53  0000              extern _Crom2Prom:near
  54  0000              extern _Crom2PromNext:near
  55  0000              
  56  0000              RAMBANK 0 @BITDATASEC, @BITDATASEC1
  57  0000              @HCCINIT	.section 'data'
  58  0000              @HCCINIT0	.section 'data'
  59  0000              @BITDATASEC	 .section 'data'
"File: KEY.ASM       Assembler  Version HGASM0202      Page 2

  60  0000              @BITDATASEC1	 .section 'data'
  61  0000              
  62  0000              #pragma debug scope 1 1
  63  0000              	extern __DELAY3:near
  64  0000              	extern __DELAYX3:near
  65  0000              	extern __DELAYX6:near
  66  0000              	extern __DELAYY5:near
  67  0000              	extern __DELAYY3:near
  68  0000              	extern _builtin_holtek_delay_2:byte
  69  0000              ___pas1 equ [92]
  70  0000              ___papu equ [22]
  71  0000              ___pac equ [21]
  72  0000              ___pawu equ [23]
  73  0000              public _KEY_Prot_init
  74  0000              #pragma debug scope 2 1

  21  0000              #line 21 "c:\users\user\documents\htk_project\3652_adc_test_2\KEY.c"
  21  0000              _KEY_Prot_init .section 'code'
  21  0000              _KEY_Prot_init proc
  22  0000              #line 22 "c:\users\user\documents\htk_project\3652_adc_test_2\KEY.c"
  22  0000  1F5C        	clr [92]
  23  0001              #line 23 "c:\users\user\documents\htk_project\3652_adc_test_2\KEY.c"
  23  0001  3216        	set [22].4
  24  0002              #line 24 "c:\users\user\documents\htk_project\3652_adc_test_2\KEY.c"
  24  0002  3296        	set [22].5
  25  0003              #line 25 "c:\users\user\documents\htk_project\3652_adc_test_2\KEY.c"
  25  0003  3316        	set [22].6
  26  0004              #line 26 "c:\users\user\documents\htk_project\3652_adc_test_2\KEY.c"
  26  0004  3396        	set [22].7
  27  0005              #line 27 "c:\users\user\documents\htk_project\3652_adc_test_2\KEY.c"
  27  0005  3215        	set [21].4
  28  0006              #line 28 "c:\users\user\documents\htk_project\3652_adc_test_2\KEY.c"
  28  0006  3295        	set [21].5
  29  0007              #line 29 "c:\users\user\documents\htk_project\3652_adc_test_2\KEY.c"
  29  0007  3315        	set [21].6
  30  0008              #line 30 "c:\users\user\documents\htk_project\3652_adc_test_2\KEY.c"
  30  0008  3395        	set [21].7
  31  0009              #line 31 "c:\users\user\documents\htk_project\3652_adc_test_2\KEY.c"
  31  0009  3217        	set [23].4
  32  000A              #line 32 "c:\users\user\documents\htk_project\3652_adc_test_2\KEY.c"
  32  000A  3297        	set [23].5
  33  000B              #line 33 "c:\users\user\documents\htk_project\3652_adc_test_2\KEY.c"
  33  000B  3317        	set [23].6
  34  000C              #line 34 "c:\users\user\documents\htk_project\3652_adc_test_2\KEY.c"
  34  000C  3397        	set [23].7
  34  000D  0003        	ret
  34  000E              _KEY_Prot_init endp
  34  000E              #line 34 "c:\users\user\documents\htk_project\3652_adc_test_2\KEY.c"
  34  000E              #pragma debug scope 1 1
  34  000E              ___pa equ [20]
  34  000E              public _Scan_KEY
  34  000E              #pragma debug scope 3 1
  43  000E              #line 43 "c:\users\user\documents\htk_project\3652_adc_test_2\KEY.c"
  43  0000              _Scan_KEY .section 'code'
  43  0000              _Scan_KEY proc
  48  0000              #line 48 "c:\users\user\documents\htk_project\3652_adc_test_2\KEY.c"
  48  0000  1F00     E  	clr ra
  48  0001  3E14        	sz [20].4
  48  0002  1480     E  	inc ra
  48  0003  1F00     E  	clr rd
"File: KEY.c         Assembler  Version HGASM0202      Page 3

  48  0004  3E94        	sz [20].5
  48  0005  1480     E  	inc rd
  48  0006  1F00     E  	clr rc
  48  0007  3F14        	sz [20].6
  48  0008  1480     E  	inc rc
  48  0009  1814        	rla [20]
  48  000A  0E01        	and a,1
  48  000B  0080     E  	mov rb,a
  48  000C  0700     E  	mov a,rd
  48  000D  0680     E  	andm a,ra
  48  000E  0700     E  	mov a,rc
  48  000F  0680     E  	andm a,ra
  48  0010  0700     E  	mov a,rb
  48  0011  0680     E  	andm a,ra
  48  0012  1080     E  	sz ra
  48  0013  2800     R  	jmp _L3
  50  0014              #line 50 "c:\users\user\documents\htk_project\3652_adc_test_2\KEY.c"
  50  0014  1600     R  	siza _Key_Cnt[0]
  50  0015  2800     R  	jmp _LI1
  50  0016  2800     R  	jmp _L4
  50  0017              _LI1:
  50  0017  1480     R  	inc _Key_Cnt[0]
  50  0018              _L4:
  52  0018              #line 52 "c:\users\user\documents\htk_project\3652_adc_test_2\KEY.c"
  52  0018  3F94        	sz [20].7
  52  0019  2800     R  	jmp _L10
  52  001A  0F08        	mov a,8
  52  001B  0080     E  	mov rc,a
  52  001C  2800     R  	jmp _L5
  52  001D              _L10:
  52  001D  1F00     E  	clr rc
  52  001E              _L5:
  52  001E  3F14        	sz [20].6
  52  001F  2800     R  	jmp _L11
  52  0020  0F04        	mov a,4
  52  0021  0080     E  	mov rb,a
  52  0022  2800     R  	jmp _L6
  52  0023              _L11:
  52  0023  1F00     E  	clr rb
  52  0024              _L6:
  52  0024  3E94        	sz [20].5
  52  0025  2800     R  	jmp _L12
  52  0026  0F02        	mov a,2
  52  0027  0080     E  	mov ra,a
  52  0028  2800     R  	jmp _L7
  52  0029              _L12:
  52  0029  1F00     E  	clr ra
  52  002A              _L7:
  52  002A  1114        	swapa [20]
  52  002B  0E0F        	and a,0fh
  52  002C  0080     E  	mov rd,a
  52  002D  0F01        	mov a,1
  52  002E  0480     E  	xorm a,rd
  52  002F  0F01        	mov a,1
  52  0030  0680     E  	andm a,rd
  52  0031  0700     E  	mov a,rd
  52  0032  0380     E  	addm a,rc
  52  0033  0700     E  	mov a,rc
  52  0034  0380     E  	addm a,rb
  52  0035  0700     E  	mov a,rb
"File: KEY.c         Assembler  Version HGASM0202      Page 4

  52  0036  0300     E  	add a,ra
  52  0037  0080     R  	mov _Key_Buf[0],a
  52  0038  2800     R  	jmp _L13
  52  0039              _L3:
  56  0039              #line 56 "c:\users\user\documents\htk_project\3652_adc_test_2\KEY.c"
  56  0039  1E00     R  	snz _Key_Cnt[0]
  56  003A  2800     R  	jmp _L13
  58  003B              #line 58 "c:\users\user\documents\htk_project\3652_adc_test_2\KEY.c"
  58  003B  0F05        	mov a,5
  58  003C  0200     R  	sub a,_Key_Cnt[0]
  58  003D  3C0A        	sz c
  58  003E  2800     R  	jmp _L14
  60  003F              #line 60 "c:\users\user\documents\htk_project\3652_adc_test_2\KEY.c"
  60  003F  0700     R  	mov a,_Key_Buf[0]
  60  0040  0080     E  	mov ra,a
  60  0041  2800     R  	jmp _L9
  60  0042              _L14:
  46  0042              #line 46 "c:\users\user\documents\htk_project\3652_adc_test_2\KEY.c"
  46  0042  1F00     E  	clr ra
  46  0043              _L9:
  63  0043              #line 63 "c:\users\user\documents\htk_project\3652_adc_test_2\KEY.c"
  63  0043  1F00     R  	clr _Key_Cnt[0]
  64  0044              #line 64 "c:\users\user\documents\htk_project\3652_adc_test_2\KEY.c"
  64  0044  1F00     R  	clr _Key_Buf[0]
  64  0045  2800     R  	jmp _L8
  64  0046              _L13:
  46  0046              #line 46 "c:\users\user\documents\htk_project\3652_adc_test_2\KEY.c"
  46  0046  1F00     E  	clr ra
  46  0047              _L8:
  69  0047              #line 69 "c:\users\user\documents\htk_project\3652_adc_test_2\KEY.c"
  69  0047  0700     E  	mov a,ra
  69  0048  0003        	ret
  69  0049              _Scan_KEY endp
  69  0049              #line 69 "c:\users\user\documents\htk_project\3652_adc_test_2\KEY.c"
  69  0049              #pragma debug scope 1 1
   9  0049              #line 9 "c:\users\user\documents\htk_project\3652_adc_test_2\KEY.c"
   9  0049              public _Key_Cnt
   9  0000              @HCCINIT0_Key_Cnt .section 'data'
   9  0000              _Key_Cnt	db 0
   9  0001              #pragma debug variable 8 1 _Key_Cnt "Key_Cnt"
   9  0001              
   9  0000              @HCCINIT .section 'data'
   9  0000              #line 9 "c:\users\user\documents\htk_project\3652_adc_test_2\KEY.c"
   9  0000              public _Key_Buf
   9  0000              @HCCINIT0_Key_Buf .section 'data'
   9  0000              _Key_Buf	db 0
   9  0001              #pragma debug variable 8 1 _Key_Buf "Key_Buf"
   9  0001              
   9  0000              @HCCINIT .section 'data'
   9  0000              #pragma debug struct_end
   9  0000              #pragma debug struct_end
   9  0000              #pragma debug union_end
   9  0000              #pragma debug union_end
   9  0000              #pragma debug variable 43 1 ___pa "__pa" 1
   9  0000              #pragma debug struct_end
   9  0000              #pragma debug struct_end
   9  0000              #pragma debug union_end
   9  0000              #pragma debug union_end
   9  0000              #pragma debug variable 45 1 ___pac "__pac" 1
   9  0000              #pragma debug struct_end
"File: KEY.c         Assembler  Version HGASM0202      Page 5

   9  0000              #pragma debug struct_end
   9  0000              #pragma debug union_end
   9  0000              #pragma debug union_end
   9  0000              #pragma debug variable 47 1 ___papu "__papu" 1
   9  0000              #pragma debug struct_end
   9  0000              #pragma debug struct_end
   9  0000              #pragma debug union_end
   9  0000              #pragma debug union_end
   9  0000              #pragma debug variable 49 1 ___pawu "__pawu" 1
   9  0000              #pragma debug struct_end
   9  0000              #pragma debug struct_end
   9  0000              #pragma debug union_end
   9  0000              #pragma debug union_end
   9  0000              #pragma debug variable 51 1 ___pas1 "__pas1" 1
   9  0000              
   9  0000              ; 
   9  0000              ; Generated by holtek-gcc v3.19, Sat May 21 17:21:05 2022
   9  0000              ; Rebuild 718
   9  0000              ; end of file


        0 Errors, 0