"File: LED.c         Assembler  Version HGASM0202      Page 1


   1  0000              ; Generated by holtek-gcc v3.19, Sat May 21 17:14:44 2022
   2  0000              ; 
   3  0000              ; Configuration:
   4  0000              ;       with long instruction
   5  0000              ;       Single ROM, Multi-RAM
   6  0000              ;       bits_per_rom_unit:16
   7  0000              ;       with mp1
   8  0000              ;       with tbhp, address(0x9)
   9  0000              ;          Use tabrd-const
  10  0000              ;       
  11  0000              ; SFR address of long-instruction arch:
  12  0000              ;    mp0 = -1,1,0
  13  0000              ;    mp1 = 4,3,2
  14  0000              ;    mp2 = 14,13,12
  15  0000              ;    tbp = 9,7,8
  16  0000              ;    acc = 5
  17  0000              ;    pcl = 6
  18  0000              ;    status = 10
  19  0000              ;    bp = 11
  20  0000              ;    intc = 17
  21  0000              ;       
  22  0000              ;       
  23  0000              ; use 'tabrdc' instead of 'tabrd'
  24  0000              ;       
  25  0000              
  26  0000              #pragma translator "holtek-gcc 4.6.4" "3.19" "build 20130711"
  27  0000              ; Rebuild 718
  28  0000              
  29  0000              ir equ [2]
  30  0000              mp equ [3]
  31  0000              sbp equ [4]
  32  0000              acc equ [5]
  33  0000              bp equ [11]
  34  0000              tblp equ [7]
  35  0000              tbhp equ [9]
  36  0000              status equ [10]
  37  0000              c equ [10].0
  38  0000              ac equ [10].1
  39  0000              z equ [10].2
  40  0000              ov equ [10].3
  41  0000              cz equ [10].6
  42  0000              sc equ [10].7
  43  0000              intc equ [17]
  44  0000              
  45  0000              extern ra:byte
  46  0000              extern rb:byte
  47  0000              extern rc:byte
  48  0000              extern rd:byte
  49  0000              extern re:byte
  50  0000              extern rf:byte
  51  0000              extern rg:byte
  52  0000              extern rh:byte
  53  0000              extern _Crom2Prom:near
  54  0000              extern _Crom2PromNext:near
  55  0000              
  56  0000              RAMBANK 0 @BITDATASEC, @BITDATASEC1
  57  0000              @HCCINIT	.section 'data'
  58  0000              @HCCINIT0	.section 'data'
  59  0000              @BITDATASEC	 .section 'data'
"File: LED.ASM       Assembler  Version HGASM0202      Page 2

  60  0000              @BITDATASEC1	 .section 'data'
  61  0000              
  62  0000              #pragma debug scope 1 1
  63  0000              	extern __DELAY3:near
  64  0000              	extern __DELAYX3:near
  65  0000              	extern __DELAYX6:near
  66  0000              	extern __DELAYY5:near
  67  0000              	extern __DELAYY3:near
  68  0000              	extern _builtin_holtek_delay_2:byte
  69  0000              ___pds0 equ [97]
  70  0000              ___pcs0 equ [95]
  71  0000              ___pb equ [37]
  72  0000              ___pbc equ [38]
  73  0000              ___pd equ [82]
  74  0000              ___pdc equ [83]
  75  0000              ___pc equ [65]
  76  0000              ___pcc equ [66]
  77  0000              public _LED_Prot_init
  78  0000              #pragma debug scope 2 1

  26  0000              #line 26 "c:\users\user\documents\htk_project\3652_adc_test_2\LED.c"
  26  0000              _LED_Prot_init .section 'code'
  26  0000              _LED_Prot_init proc
  27  0000              #line 27 "c:\users\user\documents\htk_project\3652_adc_test_2\LED.c"
  27  0000  1F61        	clr [97]
  28  0001              #line 28 "c:\users\user\documents\htk_project\3652_adc_test_2\LED.c"
  28  0001  1F5F        	clr [95]
  29  0002              #line 29 "c:\users\user\documents\htk_project\3652_adc_test_2\LED.c"
  29  0002  30A5        	set [37].1
  30  0003              #line 30 "c:\users\user\documents\htk_project\3652_adc_test_2\LED.c"
  30  0003  34A6        	clr [38].1
  31  0004              #line 31 "c:\users\user\documents\htk_project\3652_adc_test_2\LED.c"
  31  0004  31D2        	set [82].3
  32  0005              #line 32 "c:\users\user\documents\htk_project\3652_adc_test_2\LED.c"
  32  0005  35D3        	clr [83].3
  33  0006              #line 33 "c:\users\user\documents\htk_project\3652_adc_test_2\LED.c"
  33  0006  3041        	set [65].0
  34  0007              #line 34 "c:\users\user\documents\htk_project\3652_adc_test_2\LED.c"
  34  0007  3442        	clr [66].0
  35  0008              #line 35 "c:\users\user\documents\htk_project\3652_adc_test_2\LED.c"
  35  0008  30C1        	set [65].1
  36  0009              #line 36 "c:\users\user\documents\htk_project\3652_adc_test_2\LED.c"
  36  0009  34C2        	clr [66].1
  36  000A  0003        	ret
  36  000B              _LED_Prot_init endp
  36  000B              #line 36 "c:\users\user\documents\htk_project\3652_adc_test_2\LED.c"
  36  000B              #pragma debug scope 1 1
  36  000B              public _LEDx_ON
  36  000B              #pragma debug scope 3 1
  45  000B              #line 45 "c:\users\user\documents\htk_project\3652_adc_test_2\LED.c"
  45  0000              _LEDx_ON .section 'code'
  45  0000              _LEDx_ON proc
  45  0000  00              local _LEDx_ON_2 db 1 dup(?)	; 0,1
  45  0000  0080     E  	mov ra,a
  45  0001  0080     R  	mov _LEDx_ON_2[0],a
  45  0002              #pragma debug variable 8 3 _LEDx_ON_2+0 "LEDx"
  46  0002              #line 46 "c:\users\user\documents\htk_project\3652_adc_test_2\LED.c"
  46  0002  3800     E  	snz ra.0
  46  0003  2800     R  	jmp _L3
  47  0004              #line 47 "c:\users\user\documents\htk_project\3652_adc_test_2\LED.c"
"File: LED.c         Assembler  Version HGASM0202      Page 3

  47  0004  34A5        	clr [37].1
  47  0005              _L3:
  48  0005              #line 48 "c:\users\user\documents\htk_project\3652_adc_test_2\LED.c"
  48  0005  3800     R  	snz _LEDx_ON_2[0].1
  48  0006  2800     R  	jmp _L4
  49  0007              #line 49 "c:\users\user\documents\htk_project\3652_adc_test_2\LED.c"
  49  0007  35D2        	clr [82].3
  49  0008              _L4:
  50  0008              #line 50 "c:\users\user\documents\htk_project\3652_adc_test_2\LED.c"
  50  0008  3800     R  	snz _LEDx_ON_2[0].2
  50  0009  2800     R  	jmp _L5
  51  000A              #line 51 "c:\users\user\documents\htk_project\3652_adc_test_2\LED.c"
  51  000A  3441        	clr [65].0
  51  000B              _L5:
  52  000B              #line 52 "c:\users\user\documents\htk_project\3652_adc_test_2\LED.c"
  52  000B  3800     R  	snz _LEDx_ON_2[0].3
  52  000C  2800     R  	jmp _L2
  53  000D              #line 53 "c:\users\user\documents\htk_project\3652_adc_test_2\LED.c"
  53  000D  34C1        	clr [65].1
  53  000E              _L2:
  53  000E  0003        	ret
  53  000F              _LEDx_ON endp
  53  000F              #line 53 "c:\users\user\documents\htk_project\3652_adc_test_2\LED.c"
  53  000F              #pragma debug scope 1 1
  53  000F              public _LED_ALL_OFF
  53  000F              #pragma debug scope 4 1
  62  000F              #line 62 "c:\users\user\documents\htk_project\3652_adc_test_2\LED.c"
  62  0000              _LED_ALL_OFF .section 'code'
  62  0000              _LED_ALL_OFF proc
  63  0000              #line 63 "c:\users\user\documents\htk_project\3652_adc_test_2\LED.c"
  63  0000  30A5        	set [37].1
  64  0001              #line 64 "c:\users\user\documents\htk_project\3652_adc_test_2\LED.c"
  64  0001  31D2        	set [82].3
  65  0002              #line 65 "c:\users\user\documents\htk_project\3652_adc_test_2\LED.c"
  65  0002  3041        	set [65].0
  66  0003              #line 66 "c:\users\user\documents\htk_project\3652_adc_test_2\LED.c"
  66  0003  30C1        	set [65].1
  66  0004  0003        	ret
  66  0005              _LED_ALL_OFF endp
  66  0005              #line 66 "c:\users\user\documents\htk_project\3652_adc_test_2\LED.c"
  66  0005              #pragma debug scope 1 1
  66  0005              public _LEDx_Flash
  66  0005              #pragma debug scope 5 1
  75  0005              #line 75 "c:\users\user\documents\htk_project\3652_adc_test_2\LED.c"
  75  0000              _LEDx_Flash .section 'code'
  75  0000              _LEDx_Flash proc
  75  0000              public _LEDx_Flash_2
  75  0000  0003[           local _LEDx_Flash_2 db 3 dup(?)	; 2,1
            00
            ]
  75  0000  0080     R  	mov _LEDx_Flash_2[2],a
  75  0001              #pragma debug variable 8 5 _LEDx_Flash_2+2 "LEDx"
  75  0001              #pragma debug variable 8 5 _LEDx_Flash_2+0 "times"
  75  0001              #pragma debug variable 8 5 _LEDx_Flash_2+1 "cycle"
  76  0001              #line 76 "c:\users\user\documents\htk_project\3652_adc_test_2\LED.c"
  76  0001  1F00     R  	clr _LED_states[0]
  77  0002              #line 77 "c:\users\user\documents\htk_project\3652_adc_test_2\LED.c"
  77  0002  0700     R  	mov a,_LEDx_Flash_2[2]
  77  0003  0580     R  	orm a,_LED_states[0]
  78  0004              #line 78 "c:\users\user\documents\htk_project\3652_adc_test_2\LED.c"
"File: LED.c         Assembler  Version HGASM0202      Page 4

  78  0004  0700     R  	mov a,_LEDx_Flash_2[0]
  78  0005  0300     R  	add a,_LEDx_Flash_2[0]
  78  0006  0080     R  	mov _flash_times[0],a
  79  0007              #line 79 "c:\users\user\documents\htk_project\3652_adc_test_2\LED.c"
  79  0007  0700     R  	mov a,_LEDx_Flash_2[1]
  79  0008  0080     R  	mov _flash_cycle[0],a
  79  0009  0003        	ret
  79  000A              _LEDx_Flash endp
  79  000A              #line 79 "c:\users\user\documents\htk_project\3652_adc_test_2\LED.c"
  79  000A              #pragma debug scope 1 1
  79  000A              public _LED_PROC
  79  000A              #pragma debug scope 6 1
  88  000A              #line 88 "c:\users\user\documents\htk_project\3652_adc_test_2\LED.c"
  88  0000              _LED_PROC .section 'code'
  88  0000              _LED_PROC proc
  89  0000              #line 89 "c:\users\user\documents\htk_project\3652_adc_test_2\LED.c"
  89  0000  0700     R  	mov a,_LED_states[0]
  89  0001  0E0F        	and a,15
  89  0002  0080     E  	mov ra,a
  89  0003  1E00     E  	snz ra
  89  0004  2800     R  	jmp _L22
  92  0005              #line 92 "c:\users\user\documents\htk_project\3652_adc_test_2\LED.c"
  92  0005  1480     R  	inc _flash_delay_cnt[0]
  94  0006              #line 94 "c:\users\user\documents\htk_project\3652_adc_test_2\LED.c"
  94  0006  1E00     R  	snz _flash_times[0]
  94  0007  2800     R  	jmp _L22
  96  0008              #line 96 "c:\users\user\documents\htk_project\3652_adc_test_2\LED.c"
  96  0008  0700     R  	mov a,_flash_cycle[0]
  96  0009  0200     R  	sub a,_flash_delay_cnt[0]
  96  000A  3C0A        	sz c
  96  000B  2800     R  	jmp _L22
  98  000C              #line 98 "c:\users\user\documents\htk_project\3652_adc_test_2\LED.c"
  98  000C  3800     R  	snz _LED_states[0].0
  98  000D  2800     R  	jmp _L26
  99  000E              #line 99 "c:\users\user\documents\htk_project\3652_adc_test_2\LED.c"
  99  000E  1F00     E  	clr ra
  99  000F  38A5        	snz [37].1
  99  0010  3000     E  	set ra.1
  99  0011  34A5        	clr [37].1
  99  0012  0700     E  	mov a,ra
  99  0013  05A5        	orm a,[37]
  99  0014              _L26:
 101  0014              #line 101 "c:\users\user\documents\htk_project\3652_adc_test_2\LED.c"
 101  0014  3800     R  	snz _LED_states[0].1
 101  0015  2800     R  	jmp _L27
 102  0016              #line 102 "c:\users\user\documents\htk_project\3652_adc_test_2\LED.c"
 102  0016  1F00     E  	clr ra
 102  0017  39D2        	snz [82].3
 102  0018  3000     E  	set ra.3
 102  0019  35D2        	clr [82].3
 102  001A  0700     E  	mov a,ra
 102  001B  05D2        	orm a,[82]
 102  001C              _L27:
 104  001C              #line 104 "c:\users\user\documents\htk_project\3652_adc_test_2\LED.c"
 104  001C  3800     R  	snz _LED_states[0].2
 104  001D  2800     R  	jmp _L28
 105  001E              #line 105 "c:\users\user\documents\htk_project\3652_adc_test_2\LED.c"
 105  001E  0741        	mov a,[65]
 105  001F  0E01        	and a,1
 105  0020  0080     E  	mov ra,a
"File: LED.c         Assembler  Version HGASM0202      Page 5

 105  0021  0F01        	mov a,1
 105  0022  0480     E  	xorm a,ra
 105  0023  3441        	clr [65].0
 105  0024  0700     E  	mov a,ra
 105  0025  05C1        	orm a,[65]
 105  0026              _L28:
 107  0026              #line 107 "c:\users\user\documents\htk_project\3652_adc_test_2\LED.c"
 107  0026  3800     R  	snz _LED_states[0].3
 107  0027  2800     R  	jmp _L29
 108  0028              #line 108 "c:\users\user\documents\htk_project\3652_adc_test_2\LED.c"
 108  0028  1F00     E  	clr ra
 108  0029  38C1        	snz [65].1
 108  002A  3000     E  	set ra.1
 108  002B  34C1        	clr [65].1
 108  002C  0700     E  	mov a,ra
 108  002D  05C1        	orm a,[65]
 108  002E              _L29:
 110  002E              #line 110 "c:\users\user\documents\htk_project\3652_adc_test_2\LED.c"
 110  002E  1580     R  	dec _flash_times[0]
 111  002F              #line 111 "c:\users\user\documents\htk_project\3652_adc_test_2\LED.c"
 111  002F  1F00     R  	clr _flash_delay_cnt[0]
 113  0030              #line 113 "c:\users\user\documents\htk_project\3652_adc_test_2\LED.c"
 113  0030  1080     R  	sz _flash_times[0]
 113  0031  2800     R  	jmp _L22
 115  0032              #line 115 "c:\users\user\documents\htk_project\3652_adc_test_2\LED.c"
 115  0032  1F00     R  	clr _LED_states[0]
 116  0033              #line 116 "c:\users\user\documents\htk_project\3652_adc_test_2\LED.c"
 116  0033  30A5        	set [37].1
 117  0034              #line 117 "c:\users\user\documents\htk_project\3652_adc_test_2\LED.c"
 117  0034  31D2        	set [82].3
 118  0035              #line 118 "c:\users\user\documents\htk_project\3652_adc_test_2\LED.c"
 118  0035  3041        	set [65].0
 119  0036              #line 119 "c:\users\user\documents\htk_project\3652_adc_test_2\LED.c"
 119  0036  30C1        	set [65].1
 119  0037              _L22:
 119  0037  0003        	ret
 119  0038              _LED_PROC endp
 119  0038              #line 119 "c:\users\user\documents\htk_project\3652_adc_test_2\LED.c"
 119  0038              #pragma debug scope 1 1
  10  0038              #line 10 "c:\users\user\documents\htk_project\3652_adc_test_2\LED.c"
  10  0038              public _LED_states
  10  0000              @HCCINIT0_LED_states .section 'data'
  10  0000              _LED_states	db 0
  10  0001              #pragma debug variable 8 1 _LED_states "LED_states"
  10  0001              
  10  0000              @HCCINIT .section 'data'
   9  0000              #line 9 "c:\users\user\documents\htk_project\3652_adc_test_2\LED.c"
   9  0000              public _flash_cycle
   9  0000              @HCCINIT0_flash_cycle .section 'data'
   9  0000              _flash_cycle	db 0
   9  0001              #pragma debug variable 8 1 _flash_cycle "flash_cycle"
   9  0001              
   9  0000              @HCCINIT .section 'data'
   9  0000              #line 9 "c:\users\user\documents\htk_project\3652_adc_test_2\LED.c"
   9  0000              public _flash_times
   9  0000              @HCCINIT0_flash_times .section 'data'
   9  0000              _flash_times	db 0
   9  0001              #pragma debug variable 8 1 _flash_times "flash_times"
   9  0001              
   9  0000              @HCCINIT .section 'data'
"File: LED.c         Assembler  Version HGASM0202      Page 6

   9  0000              #line 9 "c:\users\user\documents\htk_project\3652_adc_test_2\LED.c"
   9  0000              public _flash_delay_cnt
   9  0000              @HCCINIT0_flash_delay_cnt .section 'data'
   9  0000              _flash_delay_cnt	db 0
   9  0001              #pragma debug variable 8 1 _flash_delay_cnt "flash_delay_cnt"
   9  0001              
   9  0000              @HCCINIT .section 'data'
   9  0000              #pragma debug struct_end
   9  0000              #pragma debug struct_end
   9  0000              #pragma debug union_end
   9  0000              #pragma debug union_end
   9  0000              #pragma debug variable 43 1 ___pb "__pb" 1
   9  0000              #pragma debug struct_end
   9  0000              #pragma debug struct_end
   9  0000              #pragma debug union_end
   9  0000              #pragma debug union_end
   9  0000              #pragma debug variable 45 1 ___pbc "__pbc" 1
   9  0000              #pragma debug struct_end
   9  0000              #pragma debug struct_end
   9  0000              #pragma debug union_end
   9  0000              #pragma debug union_end
   9  0000              #pragma debug variable 47 1 ___pc "__pc" 1
   9  0000              #pragma debug struct_end
   9  0000              #pragma debug struct_end
   9  0000              #pragma debug union_end
   9  0000              #pragma debug union_end
   9  0000              #pragma debug variable 49 1 ___pcc "__pcc" 1
   9  0000              #pragma debug struct_end
   9  0000              #pragma debug struct_end
   9  0000              #pragma debug union_end
   9  0000              #pragma debug union_end
   9  0000              #pragma debug variable 51 1 ___pd "__pd" 1
   9  0000              #pragma debug struct_end
   9  0000              #pragma debug struct_end
   9  0000              #pragma debug union_end
   9  0000              #pragma debug union_end
   9  0000              #pragma debug variable 53 1 ___pdc "__pdc" 1
   9  0000              #pragma debug struct_end
   9  0000              #pragma debug struct_end
   9  0000              #pragma debug union_end
   9  0000              #pragma debug union_end
   9  0000              #pragma debug variable 55 1 ___pcs0 "__pcs0" 1
   9  0000              #pragma debug struct_end
   9  0000              #pragma debug struct_end
   9  0000              #pragma debug union_end
   9  0000              #pragma debug union_end
   9  0000              #pragma debug variable 57 1 ___pds0 "__pds0" 1
   9  0000              
   9  0000              ; 
   9  0000              ; Generated by holtek-gcc v3.19, Sat May 21 17:14:44 2022
   9  0000              ; Rebuild 718
   9  0000              ; end of file


        0 Errors, 0