"File: main.c        Assembler  Version HGASM0202      Page 1


   1  0000              ; Generated by holtek-gcc v3.19, Fri May 27 15:23:53 2022
   2  0000              ; 
   3  0000              ; Configuration:
   4  0000              ;       with long instruction
   5  0000              ;       Single ROM, Multi-RAM
   6  0000              ;       bits_per_rom_unit:16
   7  0000              ;       with mp1
   8  0000              ;       with tbhp, address(0x9)
   9  0000              ;          Use tabrd-const
  10  0000              ;       
  11  0000              ; SFR address of long-instruction arch:
  12  0000              ;    mp0 = -1,1,0
  13  0000              ;    mp1 = 4,3,2
  14  0000              ;    mp2 = 14,13,12
  15  0000              ;    tbp = 9,7,8
  16  0000              ;    acc = 5
  17  0000              ;    pcl = 6
  18  0000              ;    status = 10
  19  0000              ;    bp = 11
  20  0000              ;    intc = 17
  21  0000              ;       
  22  0000              ;       
  23  0000              ; use 'tabrdc' instead of 'tabrd'
  24  0000              ;       
  25  0000              
  26  0000              #pragma translator "holtek-gcc 4.6.4" "3.19" "build 20130711"
  27  0000              ; Rebuild 718
  28  0000              
  29  0000              ir equ [2]
  30  0000              mp equ [3]
  31  0000              sbp equ [4]
  32  0000              acc equ [5]
  33  0000              bp equ [11]
  34  0000              tblp equ [7]
  35  0000              tbhp equ [9]
  36  0000              status equ [10]
  37  0000              c equ [10].0
  38  0000              ac equ [10].1
  39  0000              z equ [10].2
  40  0000              ov equ [10].3
  41  0000              cz equ [10].6
  42  0000              sc equ [10].7
  43  0000              intc equ [17]
  44  0000              
  45  0000              extern ra:byte
  46  0000              extern rb:byte
  47  0000              extern rc:byte
  48  0000              extern rd:byte
  49  0000              extern re:byte
  50  0000              extern rf:byte
  51  0000              extern rg:byte
  52  0000              extern rh:byte
  53  0000              extern _Crom2Prom:near
  54  0000              extern _Crom2PromNext:near
  55  0000              
  56  0000              RAMBANK 0 @BITDATASEC, @BITDATASEC1
  57  0000              @HCCINIT	.section 'data'
  58  0000              @HCCINIT0	.section 'data'
  59  0000              @BITDATASEC	 .section 'data'
"File: main.ASM      Assembler  Version HGASM0202      Page 2

  60  0000              @BITDATASEC1	 .section 'data'
  61  0000              
  62  0000              #pragma debug scope 1 1
  63  0000              	extern __DELAY3:near
  64  0000              	extern __DELAYX3:near
  65  0000              	extern __DELAYX6:near
  66  0000              	extern __DELAYY5:near
  67  0000              	extern __DELAYY3:near
  68  0000              	extern _builtin_holtek_delay_2:byte
  69  0000              public _convert_integer_to_string
  70  0000              #pragma debug scope 2 1

  15  0000              #line 15 "c:\users\user\documents\htk_project\3652_adc_test_vib_1\main.c"
  15  0000              _convert_integer_to_string .section 'code'
  15  0000              _convert_integer_to_string proc
  15  0000              public _convert_integer_to_string_2
  15  0000  0006[           local _convert_integer_to_string_2 db 6 dup(?)	; 4,2
            00
            ]
  15  0006              #pragma debug pointer 42 7 2
  15  0006              #pragma debug pointer 42 7 2
  15  0006              #pragma debug variable 42 2 _convert_integer_to_string_2+0 "str"
  15  0006              #pragma debug variable 10 2 _convert_integer_to_string_2+2 "number"
  19  0006              #line 19 "c:\users\user\documents\htk_project\3652_adc_test_vib_1\main.c"
  19  0000  0F01        	mov a,1
  19  0001  0080     E  	mov rf,a
  19  0002  1F00     E  	clr rg
  19  0003  0700     R  	mov a,_convert_integer_to_string_2[2]
  19  0004  0500     R  	or a,_convert_integer_to_string_2[3]
  19  0005  3D0A        	sz z
  19  0006  2800     R  	jmp _L2
  19  0007              #line 19 "c:\users\user\documents\htk_project\3652_adc_test_vib_1\main.c"
  19  0007  1F00     E  	clr rf
  19  0008  1F00     E  	clr rg
  19  0009              _L2:
  17  0009              #line 17 "c:\users\user\documents\htk_project\3652_adc_test_vib_1\main.c"
  17  0009  0700     R  	mov a,_convert_integer_to_string_2[2]
  17  000A  0080     E  	mov rb,a
  17  000B  0700     R  	mov a,_convert_integer_to_string_2[3]
  17  000C  0080     E  	mov rc,a
  17  000D  1F00     E  	clr rd
  17  000E  1F00     E  	clr re
  17  000F              _L3:
  17  000F  0700     E  	mov a,rf
  17  0010  0300     E  	add a,rd
  17  0011  0080     R  	mov _convert_integer_to_string_2[4],a
  17  0012  0700     E  	mov a,rg
  17  0013  1300     E  	adc a,re
  17  0014  0080     R  	mov _convert_integer_to_string_2[5],a
  17  0015  1480     E  	inc rd
  17  0016  3D0A        	sz z
  17  0017  1480     E  	inc re
  21  0018              #line 21 "c:\users\user\documents\htk_project\3652_adc_test_vib_1\main.c"
  21  0018  0700     E  	mov a,rb
  21  0019  0500     E  	or a,rc
  21  001A  3D0A        	sz z
  21  001B  2800     R  	jmp _L8
  24  001C              #line 24 "c:\users\user\documents\htk_project\3652_adc_test_vib_1\main.c"
  24  001C  1F00     E  	clr _builtin_holtek_udivmodhi4_2[6]
  24  001D  0700     E  	mov a,rb  
"File: main.c        Assembler  Version HGASM0202      Page 3

  24  001E  0080     E  	mov _builtin_holtek_udivmodhi4_2[0],a  
  24  001F  0700     E  	mov a,rc  
  24  0020  0080     E  	mov _builtin_holtek_udivmodhi4_2[1],a
  24  0021  0F0A        	mov a,10  
  24  0022  0080     E  	mov _builtin_holtek_udivmodhi4_2[2],a  
  24  0023  1F00     E  	clr _builtin_holtek_udivmodhi4_2[3]
  24  0024  2000     E  	call _builtin_holtek_udivmodhi4
  24  0025  0700     E  	mov a,_builtin_holtek_udivmodhi4_2[0]  
  24  0026  0080     E  	mov rb,a  
  24  0027  0700     E  	mov a,_builtin_holtek_udivmodhi4_2[1]  
  24  0028  0080     E  	mov rc,a
  24  0029  2800     R  	jmp _L3
  24  002A              _L8:
  21  002A              #line 21 "c:\users\user\documents\htk_project\3652_adc_test_vib_1\main.c"
  21  002A  1F00     E  	clr rb
  21  002B  1F00     E  	clr rc
  21  002C              _L5:
  27  002C              #line 27 "c:\users\user\documents\htk_project\3652_adc_test_vib_1\main.c"
  27  002C  0700     E  	mov a,rb
  27  002D  0200     R  	sub a,_convert_integer_to_string_2[4]
  27  002E  0700     E  	mov a,rc
  27  002F  1200     R  	sbc a,_convert_integer_to_string_2[5]
  27  0030  3F0A        	sz cz
  27  0031  2800     R  	jmp _L9
  29  0032              #line 29 "c:\users\user\documents\htk_project\3652_adc_test_vib_1\main.c"
  29  0032  0700     R  	mov a,_convert_integer_to_string_2[2]
  29  0033  0080     E  	mov rd,a
  29  0034  0700     R  	mov a,_convert_integer_to_string_2[3]
  29  0035  0080     E  	mov re,a
  29  0036  1F00     E  	clr _builtin_holtek_udivmodhi4_2[6]
  29  0037  0700     E  	mov a,rd  
  29  0038  0080     E  	mov _builtin_holtek_udivmodhi4_2[0],a  
  29  0039  0700     E  	mov a,re  
  29  003A  0080     E  	mov _builtin_holtek_udivmodhi4_2[1],a
  29  003B  0F0A        	mov a,10  
  29  003C  0080     E  	mov _builtin_holtek_udivmodhi4_2[2],a  
  29  003D  1F00     E  	clr _builtin_holtek_udivmodhi4_2[3]
  29  003E  2000     E  	call _builtin_holtek_udivmodhi4
  29  003F  0700     E  	mov a,_builtin_holtek_udivmodhi4_2[4]  
  29  0040  0080     E  	mov rf,a  
  29  0041  0700     E  	mov a,_builtin_holtek_udivmodhi4_2[5]  
  29  0042  0080     E  	mov rg,a
  30  0043              #line 30 "c:\users\user\documents\htk_project\3652_adc_test_vib_1\main.c"
  30  0043  1F00     E  	clr _builtin_holtek_udivmodhi4_2[6]
  30  0044  0700     E  	mov a,rd  
  30  0045  0080     E  	mov _builtin_holtek_udivmodhi4_2[0],a  
  30  0046  0700     E  	mov a,re  
  30  0047  0080     E  	mov _builtin_holtek_udivmodhi4_2[1],a
  30  0048  0F0A        	mov a,10  
  30  0049  0080     E  	mov _builtin_holtek_udivmodhi4_2[2],a  
  30  004A  1F00     E  	clr _builtin_holtek_udivmodhi4_2[3]
  30  004B  2000     E  	call _builtin_holtek_udivmodhi4
  30  004C  0700     E  	mov a,_builtin_holtek_udivmodhi4_2[0]  
  30  004D  0080     R  	mov _convert_integer_to_string_2[2],a  
  30  004E  0700     E  	mov a,_builtin_holtek_udivmodhi4_2[1]  
  30  004F  0080     R  	mov _convert_integer_to_string_2[3],a
  30  0050  0700     R  	mov a,_convert_integer_to_string_2[4]
  30  0051  0300     R  	add a,_convert_integer_to_string_2[0]
  30  0052  0080     E  	mov rd,a
  30  0053  0700     R  	mov a,_convert_integer_to_string_2[5]
"File: main.c        Assembler  Version HGASM0202      Page 4

  30  0054  1300     R  	adc a,_convert_integer_to_string_2[1]
  30  0055  0080     E  	mov re,a
  30  0056  0700     E  	mov a,rd
  30  0057  0200     E  	sub a,rb
  30  0058  0080     E  	mov rd,a
  30  0059  0700     E  	mov a,re
  30  005A  1200     E  	sbc a,rc
  30  005B  0080     E  	mov re,a
  31  005C              #line 31 "c:\users\user\documents\htk_project\3652_adc_test_vib_1\main.c"
  31  005C  0F30        	mov a,48
  31  005D  0380     E  	addm a,rf
  31  005E  0FFF        	mov a,255
  31  005F  0300     E  	add a,rd
  31  0060  0083        	mov mp,a
  31  0061  0FFF        	mov a,255
  31  0062  1300     E  	adc a,re
  31  0063  0084        	mov sbp,a
  31  0064  0700     E  	mov a,rf
  31  0065  0082        	mov ir,a
  27  0066              #line 27 "c:\users\user\documents\htk_project\3652_adc_test_vib_1\main.c"
  27  0066  1480     E  	inc rb
  27  0067  3D0A        	sz z
  27  0068  1480     E  	inc rc
  27  0069  2800     R  	jmp _L5
  27  006A              _L9:
  33  006A              #line 33 "c:\users\user\documents\htk_project\3652_adc_test_vib_1\main.c"
  33  006A  0700     E  	mov a,rb
  33  006B  0300     R  	add a,_convert_integer_to_string_2[0]
  33  006C  0083        	mov mp,a
  33  006D  0700     E  	mov a,rc
  33  006E  1300     R  	adc a,_convert_integer_to_string_2[1]
  33  006F  0084        	mov sbp,a
  33  0070  0F00        	mov a,0
  33  0071  0082        	mov ir,a
  33  0072  0003        	ret
  33  0073              _convert_integer_to_string endp
  33  0073              #line 33 "c:\users\user\documents\htk_project\3652_adc_test_vib_1\main.c"
  33  0073              #pragma debug scope 1 1
  33  0073              public _delay
  33  0073              #pragma debug scope 3 1
  39  0073              #line 39 "c:\users\user\documents\htk_project\3652_adc_test_vib_1\main.c"
  39  0000              _delay .section 'code'
  39  0000              _delay proc
  39  0000              public _delay_2
  39  0000  0002[           local _delay_2 db 2 dup(?)	; 2,0
            00
            ]
  39  0002              #pragma debug variable 10 3 _delay_2+0 "time"
  43  0002              #line 43 "c:\users\user\documents\htk_project\3652_adc_test_vib_1\main.c"
  43  0000  1F00     E  	clr rb
  43  0001  1F00     E  	clr rc
  43  0002              _L11:
  43  0002              #line 43 "c:\users\user\documents\htk_project\3652_adc_test_vib_1\main.c"
  43  0002  0700     E  	mov a,rb
  43  0003  0200     R  	sub a,_delay_2[0]
  43  0004  0700     E  	mov a,rc
  43  0005  1200     R  	sbc a,_delay_2[1]
  43  0006  3F0A        	sz cz
  43  0007  2800     R  	jmp _L10
  43  0008  0F05        	mov a,5
"File: main.c        Assembler  Version HGASM0202      Page 5

  43  0009  0080     E  	mov ra,a
  43  000A              _L16:
  39  000A              #line 39 "c:\users\user\documents\htk_project\3652_adc_test_vib_1\main.c"
  39  000A  0F66        	mov a,102
  39  000B  0080     E  	mov rd,a
  39  000C              _L14:
  47  000C              #line 47 "c:\users\user\documents\htk_project\3652_adc_test_vib_1\main.c"
  47  000C              ;# 47 "c:\users\user\documents\htk_project\3652_adc_test_vib_1\main.c" 1
  47  000C  0000        	nop
  47  000D  1780     E  	sdz rd
  47  000E  2800     R  	jmp _L14
  47  000F  1780     E  	sdz ra
  47  0010  2800     R  	jmp _L16
  43  0011              #line 43 "c:\users\user\documents\htk_project\3652_adc_test_vib_1\main.c"
  43  0011  1480     E  	inc rb
  43  0012  3D0A        	sz z
  43  0013  1480     E  	inc rc
  43  0014  2800     R  	jmp _L11
  43  0015              _L10:
  43  0015  0003        	ret
  43  0016              _delay endp
  43  0016              #line 43 "c:\users\user\documents\htk_project\3652_adc_test_vib_1\main.c"
  43  0016              #pragma debug scope 1 1
  43  0016              ___wdtc equ [26]
  43  0016              public _sysInit
  43  0016              #pragma debug scope 4 1
  53  0016              #line 53 "c:\users\user\documents\htk_project\3652_adc_test_vib_1\main.c"
  53  0000              _sysInit .section 'code'
  53  0000              _sysInit proc
  54  0000              #line 54 "c:\users\user\documents\htk_project\3652_adc_test_vib_1\main.c"
  54  0000  0FA8        	mov a,168
  54  0001  009A        	mov [26],a
  55  0002              #line 55 "c:\users\user\documents\htk_project\3652_adc_test_vib_1\main.c"
  55  0002  2000     E  	call _uart_prot_init
  56  0003              #line 56 "c:\users\user\documents\htk_project\3652_adc_test_vib_1\main.c"
  56  0003  0F64        	mov a,100
  56  0004  0080     R  	mov _delay_2[0],a
  56  0005  1F00     R  	clr _delay_2[1]
  56  0006  2000     R  	call _delay
  57  0007              #line 57 "c:\users\user\documents\htk_project\3652_adc_test_vib_1\main.c"
  57  0007  2000     E  	call _adc_init
  58  0008              #line 58 "c:\users\user\documents\htk_project\3652_adc_test_vib_1\main.c"
  58  0008  2000     E  	call _IIC_Init
  59  0009              #line 59 "c:\users\user\documents\htk_project\3652_adc_test_vib_1\main.c"
  59  0009  2000     E  	call _ktd_en
  60  000A              #line 60 "c:\users\user\documents\htk_project\3652_adc_test_vib_1\main.c"
  60  000A  2000     E  	call _ktd_clear
  61  000B              #line 61 "c:\users\user\documents\htk_project\3652_adc_test_vib_1\main.c"
  61  000B  0F64        	mov a,100
  61  000C  0080     R  	mov _delay_2[0],a
  61  000D  1F00     R  	clr _delay_2[1]
  61  000E  2000     R  	call _delay
  62  000F              #line 62 "c:\users\user\documents\htk_project\3652_adc_test_vib_1\main.c"
  62  000F  2000     E  	call _int_init
  63  0010              #line 63 "c:\users\user\documents\htk_project\3652_adc_test_vib_1\main.c"
  63  0010  0FE8        	mov a,-24
  63  0011  0080     R  	mov _delay_2[0],a
  63  0012  0F03        	mov a,3
  63  0013  0080     R  	mov _delay_2[1],a
  63  0014  2000     R  	call _delay
"File: main.c        Assembler  Version HGASM0202      Page 6

  63  0015  0003        	ret
  63  0016              _sysInit endp
  63  0016              #line 63 "c:\users\user\documents\htk_project\3652_adc_test_vib_1\main.c"
  63  0016              #pragma debug scope 1 1
  63  0016              ___pa equ [20]
  63  0016              ___pb equ [37]
  63  0000              @crom	.section 'crom'
  63  0000              _LC0:
  63  0000              	db 042h,075h,074h,074h,06fh,06eh,020h,050h,072h,065h
  63  0005              	db 073h,073h,065h,064h,03ah,020h,0ah,00h
  63  0009              @crom	.section 'crom'
  63  0009              _LC1:
  63  0009              	db 049h,06eh,073h,069h,065h,064h,020h,074h,068h,065h
  63  000E              	db 020h,021h,052h,058h,05fh,054h,058h,0ah,00h
  63  0013              @crom	.section 'crom'
  63  0013              _LC2:
  63  0013              	db 049h,06eh,073h,069h,064h,065h,020h,074h,068h,065h
  63  0018              	db 020h,04dh,066h,06ch,061h,067h,020h,06bh,065h,079h
  63  001D              	db 00h
  63  001D              public _main
  63  001D              #pragma debug scope 5 1
  67  001D              #line 67 "c:\users\user\documents\htk_project\3652_adc_test_vib_1\main.c"
  67  001D              IFDEF WITH_DEFAULT_STARTUP
  67  001D              extern _main_initial0:near
  67  001D              extern _main_startup:near
  67  001D              ENDIF
  67  001D              
  67  001D              ROMBANK 0 @start
  67  0000              @start .section com_l 'code'
  67  0000              _main_startup1:
  67  0000              @start .section com_e 'code'
  67  0000  2800     R  	jmp _main
  67  0001              
  67  0000              _main .section 'code'
  67  0000              _main proc
  67  0000  00              local _main_2 db 1 dup(?)
  68  0001              #line 68 "c:\users\user\documents\htk_project\3652_adc_test_vib_1\main.c"
  68  0000  2000     E  	call _Sys_init
  70  0001              #line 70 "c:\users\user\documents\htk_project\3652_adc_test_vib_1\main.c"
  70  0001  2000     R  	call _sysInit
  72  0002              #line 72 "c:\users\user\documents\htk_project\3652_adc_test_vib_1\main.c"
  72  0002  2000     E  	call _RF_Init
  73  0003              #line 73 "c:\users\user\documents\htk_project\3652_adc_test_vib_1\main.c"
  73  0003  2000     E  	call _RF_Parameter_loading
  75  0004              #line 75 "c:\users\user\documents\htk_project\3652_adc_test_vib_1\main.c"
  75  0004  0F05        	mov a,5
  75  0005  0080     E  	mov _BC3602_T[0],a
  75  0006              _L29:
  91  0006              #line 91 "c:\users\user\documents\htk_project\3652_adc_test_vib_1\main.c"
  91  0006  1E00     E  	snz _intF[2]
  91  0007  2800     R  	jmp _L19
  91  0008  0F05        	mov a,5
  91  0009  0080     R  	mov _main_2[0],a
  91  000A              _L23:
  91  000A              #pragma debug scope 6 5
  91  000A              ;begin block, line: 91.-1
  96  000A              #line 96 "c:\users\user\documents\htk_project\3652_adc_test_vib_1\main.c"
  96  000A  3A94        	snz [20].5
  96  000B  2800     R  	jmp _L36
 101  000C              #line 101 "c:\users\user\documents\htk_project\3652_adc_test_vib_1\main.c"
"File: main.c        Assembler  Version HGASM0202      Page 7

 101  000C  31A5        	set [37].3
 102  000D              #line 102 "c:\users\user\documents\htk_project\3652_adc_test_vib_1\main.c"
 102  000D  0FE8        	mov a,-24
 102  000E  0080     R  	mov _delay_2[0],a
 102  000F  0F03        	mov a,3
 102  0010  0080     R  	mov _delay_2[1],a
 102  0011  2000     R  	call _delay
 103  0012              #line 103 "c:\users\user\documents\htk_project\3652_adc_test_vib_1\main.c"
 103  0012  3E94        	sz [20].5
 103  0013  2800     R  	jmp _L22
 103  0014              _L36:
 105  0014              #line 105 "c:\users\user\documents\htk_project\3652_adc_test_vib_1\main.c"
 105  0014  35A5        	clr [37].3
 106  0015              #line 106 "c:\users\user\documents\htk_project\3652_adc_test_vib_1\main.c"
 106  0015  2800     R  	jmp _L21
 106  0016              _L22:
 108  0016              #line 108 "c:\users\user\documents\htk_project\3652_adc_test_vib_1\main.c"
 108  0016  35A5        	clr [37].3
 109  0017              #line 109 "c:\users\user\documents\htk_project\3652_adc_test_vib_1\main.c"
 109  0017  0FF4        	mov a,-12
 109  0018  0080     R  	mov _delay_2[0],a
 109  0019  0F01        	mov a,1
 109  001A  0080     R  	mov _delay_2[1],a
 109  001B  2000     R  	call _delay
 110  001C              #line 110 "c:\users\user\documents\htk_project\3652_adc_test_vib_1\main.c"
 110  001C  3A94        	snz [20].5
 110  001D  2800     R  	jmp _L21
 110  001E  1780     R  	sdz _main_2[0]
 110  001F  2800     R  	jmp _L23
 110  0020              _L21:
 114  0020              #line 114 "c:\users\user\documents\htk_project\3652_adc_test_vib_1\main.c"
 114  0020  1F00     E  	clr _intF[2]
 114  0021              _L19:
 114  0021              #pragma debug scope 5 1
 117  0021              #line 117 "c:\users\user\documents\htk_project\3652_adc_test_vib_1\main.c"
 117  0021  3E94        	sz [20].5
 117  0022  2800     R  	jmp _L24
 122  0023              #line 122 "c:\users\user\documents\htk_project\3652_adc_test_vib_1\main.c"
 122  0023  0F00     R  	mov a,low offset _LC0
 122  0024  0080     E  	mov _uart_printf_2[0],a
 122  0025  0F00     R  	mov a,high offset _LC0
 122  0026  0080     E  	mov _uart_printf_2[1],a
 122  0027  2000     E  	call _uart_printf
 123  0028              #line 123 "c:\users\user\documents\htk_project\3652_adc_test_vib_1\main.c"
 123  0028  0700     E  	mov a,_BC3602_T[0]
 123  0029  0A04        	sub a,4
 123  002A  3D0A        	sz z
 123  002B  2800     R  	jmp _L25
 125  002C              #line 125 "c:\users\user\documents\htk_project\3652_adc_test_vib_1\main.c"
 125  002C  0F00     R  	mov a,low offset _LC1
 125  002D  0080     E  	mov _uart_printf_2[0],a
 125  002E  0F00     R  	mov a,high offset _LC1
 125  002F  0080     E  	mov _uart_printf_2[1],a
 125  0030  2000     E  	call _uart_printf
 126  0031              #line 126 "c:\users\user\documents\htk_project\3652_adc_test_vib_1\main.c"
 126  0031  0F01        	mov a,1
 126  0032  0080     E  	mov _Mflag[0],a
 127  0033              #line 127 "c:\users\user\documents\htk_project\3652_adc_test_vib_1\main.c"
 127  0033  0F01        	mov a,1
 127  0034  2000     E  	call _KEY_Process
"File: main.c        Assembler  Version HGASM0202      Page 8

 127  0035              _L25:
 130  0035              #line 130 "c:\users\user\documents\htk_project\3652_adc_test_vib_1\main.c"
 130  0035  0F00     R  	mov a,low offset _LC2
 130  0036  0080     E  	mov _uart_printf_2[0],a
 130  0037  0F00     R  	mov a,high offset _LC2
 130  0038  0080     E  	mov _uart_printf_2[1],a
 130  0039  2000     E  	call _uart_printf
 131  003A              #line 131 "c:\users\user\documents\htk_project\3652_adc_test_vib_1\main.c"
 131  003A  1F00     E  	clr _Mflag[0]
 132  003B              #line 132 "c:\users\user\documents\htk_project\3652_adc_test_vib_1\main.c"
 132  003B  1F00     E  	clr _intF[1]
 133  003C              #line 133 "c:\users\user\documents\htk_project\3652_adc_test_vib_1\main.c"
 133  003C  0F64        	mov a,100
 133  003D  0080     R  	mov _delay_2[0],a
 133  003E  1F00     R  	clr _delay_2[1]
 133  003F  2000     R  	call _delay
 133  0040  2800     R  	jmp _L26
 133  0041              _L24:
 137  0041              #line 137 "c:\users\user\documents\htk_project\3652_adc_test_vib_1\main.c"
 137  0041  3614        	clr [20].4
 138  0042              #line 138 "c:\users\user\documents\htk_project\3652_adc_test_vib_1\main.c"
 138  0042  3714        	clr [20].6
 139  0043              #line 139 "c:\users\user\documents\htk_project\3652_adc_test_vib_1\main.c"
 139  0043  3794        	clr [20].7
 139  0044              _L26:
 145  0044              #line 145 "c:\users\user\documents\htk_project\3652_adc_test_vib_1\main.c"
 145  0044  0700     E  	mov a,_BC3602_T[0]
 145  0045  0A04        	sub a,4
 145  0046  390A        	snz z
 145  0047  2800     R  	jmp _L27
 146  0048              #line 146 "c:\users\user\documents\htk_project\3652_adc_test_vib_1\main.c"
 146  0048  0F00     E  	mov a,low offset _BC3602_T
 146  0049  0080     E  	mov _SimpleFIFO_TX_Process_2[0],a
 146  004A  0F00     E  	mov a,high offset _BC3602_T
 146  004B  0080     E  	mov _SimpleFIFO_TX_Process_2[1],a
 146  004C  2000     E  	call _SimpleFIFO_TX_Process
 146  004D              _L27:
 148  004D              #line 148 "c:\users\user\documents\htk_project\3652_adc_test_vib_1\main.c"
 148  004D  0700     E  	mov a,_BC3602_T[0]
 148  004E  0A05        	sub a,5
 148  004F  390A        	snz z
 148  0050  2800     R  	jmp _L28
 149  0051              #line 149 "c:\users\user\documents\htk_project\3652_adc_test_vib_1\main.c"
 149  0051  0F00     E  	mov a,low offset _BC3602_T
 149  0052  0080     E  	mov _SimpleFIFO_RX_Process_2[0],a
 149  0053  0F00     E  	mov a,high offset _BC3602_T
 149  0054  0080     E  	mov _SimpleFIFO_RX_Process_2[1],a
 149  0055  2000     E  	call _SimpleFIFO_RX_Process
 149  0056              _L28:
 151  0056              #line 151 "c:\users\user\documents\htk_project\3652_adc_test_vib_1\main.c"
 151  0056  0F00     E  	mov a,low offset _BC3602_T
 151  0057  0080     E  	mov _RF_Finished_Process_2[0],a
 151  0058  0F00     E  	mov a,high offset _BC3602_T
 151  0059  0080     E  	mov _RF_Finished_Process_2[1],a
 151  005A  2000     E  	call _RF_Finished_Process
 152  005B              #line 152 "c:\users\user\documents\htk_project\3652_adc_test_vib_1\main.c"
 152  005B  0F64        	mov a,100
 152  005C  0080     R  	mov _delay_2[0],a
 152  005D  1F00     R  	clr _delay_2[1]
 152  005E  2000     R  	call _delay
"File: main.c        Assembler  Version HGASM0202      Page 9

 153  005F              #line 153 "c:\users\user\documents\htk_project\3652_adc_test_vib_1\main.c"
 153  005F  2800     R  	jmp _L29
 153  0060  2800     R  	jmp $
 153  0061              _main endp
 153  0061              
 153  0061              @dummy endp
 153  0061              
 153  0061              #line 153 "c:\users\user\documents\htk_project\3652_adc_test_vib_1\main.c"
 153  0061              #pragma debug scope 1 1
 153  0061              public _TB0_proc
 153  0061              #pragma debug scope 7 1
 163  0061              #line 163 "c:\users\user\documents\htk_project\3652_adc_test_vib_1\main.c"
 163  0000              @TB0_proc_code .section at 28 'code'
 163  0000              ifdef INTERRUPT_DELAY
 163  0000              	nop
 163  0000              endif
 163  0000  0080     E  	mov r1,a
 163  0001  070A        	mov a,status
 163  0002              ifndef INTERRUPT_DELAY
 163  0002  0080     E  	mov r2,a
 163  0003              endif
 163  0003  2800     R  	jmp _TB0_proc
 163  0004              #pragma debug scope 1 1
 163  0004              @dummy28 endp
 163  0004              #pragma debug scope 8 1
 163  0000              _TB0_proc .section 'code'
 163  0000              _TB0_proc proc
 163  0000              ifdef INTERRUPT_DELAY
 163  0000              	mov r2,a
 163  0000              endif
 164  0000              #line 164 "c:\users\user\documents\htk_project\3652_adc_test_vib_1\main.c"
 164  0000  1400     E  	inca _Mflag[3]
 164  0001  0080     E  	mov ra,a
 164  0002  0700     E  	mov a,ra
 164  0003  0080     E  	mov _Mflag[3],a
 165  0004              #line 165 "c:\users\user\documents\htk_project\3652_adc_test_vib_1\main.c"
 165  0004  0F09        	mov a,9
 165  0005  0200     E  	sub a,ra
 165  0006  3C0A        	sz c
 165  0007  2800     R  	jmp _L38
 167  0008              #line 167 "c:\users\user\documents\htk_project\3652_adc_test_vib_1\main.c"
 167  0008  0F01        	mov a,1
 167  0009  0080     E  	mov _Mflag[4],a
 168  000A              #line 168 "c:\users\user\documents\htk_project\3652_adc_test_vib_1\main.c"
 168  000A  1F00     E  	clr _Mflag[3]
 168  000B              _L38:
 170  000B              #line 170 "c:\users\user\documents\htk_project\3652_adc_test_vib_1\main.c"
 170  000B  0F02        	mov a,2
 170  000C  0480     E  	xorm a,_Mflag[2]
 171  000D              #line 171 "c:\users\user\documents\htk_project\3652_adc_test_vib_1\main.c"
 171  000D  1F00     E  	clr ra
 171  000E  3B25        	snz [37].6
 171  000F  3000     E  	set ra.6
 171  0010  3725        	clr [37].6
 171  0011  0700     E  	mov a,ra
 171  0012  05A5        	orm a,[37]
 171  0013  0700     E  	mov a,r2
 171  0014  008A        	mov status,a
 171  0015  0700     E  	mov a,r1
 171  0016  0004        	reti
"File: main.c        Assembler  Version HGASM0202      Page 10

 171  0017              _TB0_proc endp
 171  0017              
 171  0017              #line 171 "c:\users\user\documents\htk_project\3652_adc_test_vib_1\main.c"
 171  0017              #pragma debug scope 1 1
   7  0017              #line 7 "c:\users\user\documents\htk_project\3652_adc_test_vib_1\main.c"
   7  0017              public _ADC_Value
   7  0000              @HCCINIT0_ADC_Value .section 'data'
   7  0000  0002[       _ADC_Value	db 2 dup(0)
            00
            ]
   7  0002              #pragma debug variable 10 1 _ADC_Value "ADC_Value"
   7  0002              
   7  0000              @HCCINIT .section 'data'
   5  0000              #line 5 "c:\users\user\documents\htk_project\3652_adc_test_vib_1\main.c"
   5  0000              public _a
   5  0000              @HCCINIT0_a .section 'data'
   5  0000  0002[       _a	db 2 dup(0)
            00
            ]
   5  0002              #pragma debug pointer 43 7 1
   5  0002              #pragma debug pointer 43 7 1
   5  0002              #pragma debug variable 43 1 _a "a"
   5  0002              
   5  0000              @HCCINIT .section 'data'
   5  0000              #pragma debug struct_end
   5  0000              #pragma debug struct_end
   5  0000              #pragma debug union_end
   5  0000              #pragma debug union_end
   5  0000              #pragma debug variable 45 1 ___pa "__pa" 1
   5  0000              #pragma debug struct_end
   5  0000              #pragma debug struct_end
   5  0000              #pragma debug union_end
   5  0000              #pragma debug union_end
   5  0000              #pragma debug variable 47 1 ___wdtc "__wdtc" 1
   5  0000              #pragma debug struct_end
   5  0000              #pragma debug struct_end
   5  0000              #pragma debug union_end
   5  0000              #pragma debug union_end
   5  0000              #pragma debug variable 49 1 ___pb "__pb" 1
   5  0000              
   5  0000              ; output external variables
   5  0000              extern _Mflag:byte
   5  0000              extern _intF:byte
   5  0000              extern _BC3602_T:byte
   5  0000              extern r1:byte
   5  0000              extern r2:byte
  67  0000              #line 67 "c:\users\user\documents\htk_project\3652_adc_test_vib_1\main.c"
  67  0000              @code .section at 0 'code'
  67  0000  2800     R  	jmp _main_startup1
  67  0001              
  67  0001              extern _builtin_holtek_udivmodhi4_2:byte
  67  0001              extern _builtin_holtek_udivmodhi4:near
  67  0001              extern _uart_prot_init:near
  67  0001              extern _adc_init:near
  67  0001              extern _IIC_Init:near
  67  0001              extern _ktd_en:near
  67  0001              extern _ktd_clear:near
  67  0001              extern _int_init:near
  67  0001              extern _Sys_init:near
  67  0001              extern _RF_Init:near
"File: main.c        Assembler  Version HGASM0202      Page 11

  67  0001              extern _RF_Parameter_loading:near
  67  0001              extern _uart_printf_2:byte
  67  0001              extern _uart_printf:near
  67  0001              extern _KEY_Process:near
  67  0001              extern _SimpleFIFO_TX_Process_2:byte
  67  0001              extern _SimpleFIFO_TX_Process:near
  67  0001              extern _SimpleFIFO_RX_Process_2:byte
  67  0001              extern _SimpleFIFO_RX_Process:near
  67  0001              extern _RF_Finished_Process_2:byte
  67  0001              extern _RF_Finished_Process:near
  67  0001              
  67  0001              ; 
  67  0001              ; Generated by holtek-gcc v3.19, Fri May 27 15:23:53 2022
  67  0001              ; Rebuild 718
  67  0001              ; end of file


        0 Errors, 0