"File: spi.c         Assembler  Version HGASM0202      Page 1


   1  0000              ; Generated by holtek-gcc v3.19, Fri May 27 15:24:10 2022
   2  0000              ; 
   3  0000              ; Configuration:
   4  0000              ;       with long instruction
   5  0000              ;       Single ROM, Multi-RAM
   6  0000              ;       bits_per_rom_unit:16
   7  0000              ;       with mp1
   8  0000              ;       with tbhp, address(0x9)
   9  0000              ;          Use tabrd-const
  10  0000              ;       
  11  0000              ; SFR address of long-instruction arch:
  12  0000              ;    mp0 = -1,1,0
  13  0000              ;    mp1 = 4,3,2
  14  0000              ;    mp2 = 14,13,12
  15  0000              ;    tbp = 9,7,8
  16  0000              ;    acc = 5
  17  0000              ;    pcl = 6
  18  0000              ;    status = 10
  19  0000              ;    bp = 11
  20  0000              ;    intc = 17
  21  0000              ;       
  22  0000              ;       
  23  0000              ; use 'tabrdc' instead of 'tabrd'
  24  0000              ;       
  25  0000              
  26  0000              #pragma translator "holtek-gcc 4.6.4" "3.19" "build 20130711"
  27  0000              ; Rebuild 718
  28  0000              
  29  0000              ir equ [2]
  30  0000              mp equ [3]
  31  0000              sbp equ [4]
  32  0000              acc equ [5]
  33  0000              bp equ [11]
  34  0000              tblp equ [7]
  35  0000              tbhp equ [9]
  36  0000              status equ [10]
  37  0000              c equ [10].0
  38  0000              ac equ [10].1
  39  0000              z equ [10].2
  40  0000              ov equ [10].3
  41  0000              cz equ [10].6
  42  0000              sc equ [10].7
  43  0000              intc equ [17]
  44  0000              
  45  0000              extern ra:byte
  46  0000              extern rb:byte
  47  0000              extern rc:byte
  48  0000              extern rd:byte
  49  0000              extern re:byte
  50  0000              extern rf:byte
  51  0000              extern rg:byte
  52  0000              extern rh:byte
  53  0000              extern _Crom2Prom:near
  54  0000              extern _Crom2PromNext:near
  55  0000              
  56  0000              RAMBANK 0 @BITDATASEC, @BITDATASEC1
  57  0000              @HCCINIT	.section 'data'
  58  0000              @HCCINIT0	.section 'data'
  59  0000              @BITDATASEC	 .section 'data'
"File: spi.ASM       Assembler  Version HGASM0202      Page 2

  60  0000              @BITDATASEC1	 .section 'data'
  61  0000              
  62  0000              #pragma debug scope 1 1
  63  0000              	extern __DELAY3:near
  64  0000              	extern __DELAYX3:near
  65  0000              	extern __DELAYX6:near
  66  0000              	extern __DELAYY5:near
  67  0000              	extern __DELAYY3:near
  68  0000              	extern _builtin_holtek_delay_2:byte
  69  0000              ___pcs0 equ [95]
  70  0000              ___pcs1 equ [96]
  71  0000              ___ifs equ [81]
  72  0000              ___pcc equ [66]
  73  0000              ___pcpu equ [67]
  74  0000              ___simc0 equ [69]
  75  0000              ___simc2 equ [72]
  76  0000              public _SpiIOInti
  77  0000              #pragma debug scope 2 1

  21  0000              #line 21 "c:\users\user\documents\htk_project\3652_adc_test_vib_1\spi.c"
  21  0000              _SpiIOInti .section 'code'
  21  0000              _SpiIOInti proc
  31  0000              #line 31 "c:\users\user\documents\htk_project\3652_adc_test_vib_1\spi.c"
  31  0000  0F80        	mov a,128
  31  0001  00DF        	mov [95],a
  32  0002              #line 32 "c:\users\user\documents\htk_project\3652_adc_test_vib_1\spi.c"
  32  0002  0F2A        	mov a,42
  32  0003  00E0        	mov [96],a
  35  0004              #line 35 "c:\users\user\documents\htk_project\3652_adc_test_vib_1\spi.c"
  35  0004  1F51        	clr [81]
  36  0005              #line 36 "c:\users\user\documents\htk_project\3652_adc_test_vib_1\spi.c"
  36  0005  35C2        	clr [66].3
  37  0006              #line 37 "c:\users\user\documents\htk_project\3652_adc_test_vib_1\spi.c"
  37  0006  3242        	set [66].4
  38  0007              #line 38 "c:\users\user\documents\htk_project\3652_adc_test_vib_1\spi.c"
  38  0007  3243        	set [67].4
  39  0008              #line 39 "c:\users\user\documents\htk_project\3652_adc_test_vib_1\spi.c"
  39  0008  36C2        	clr [66].5
  40  0009              #line 40 "c:\users\user\documents\htk_project\3652_adc_test_vib_1\spi.c"
  40  0009  3742        	clr [66].6
  41  000A              #line 41 "c:\users\user\documents\htk_project\3652_adc_test_vib_1\spi.c"
  41  000A  34C5        	clr [69].1
  42  000B              #line 42 "c:\users\user\documents\htk_project\3652_adc_test_vib_1\spi.c"
  42  000B  1F45        	clr [69]
  43  000C              #line 43 "c:\users\user\documents\htk_project\3652_adc_test_vib_1\spi.c"
  43  000C  0F38        	mov a,56
  43  000D  00C8        	mov [72],a
  44  000E              #line 44 "c:\users\user\documents\htk_project\3652_adc_test_vib_1\spi.c"
  44  000E  30C5        	set [69].1
  44  000F  0003        	ret
  44  0010              _SpiIOInti endp
  44  0010              #line 44 "c:\users\user\documents\htk_project\3652_adc_test_vib_1\spi.c"
  44  0010              #pragma debug scope 1 1
  44  0010              public _SpiCSN_low
  44  0010              #pragma debug scope 3 1
  55  0010              #line 55 "c:\users\user\documents\htk_project\3652_adc_test_vib_1\spi.c"
  55  0000              _SpiCSN_low .section 'code'
  55  0000              _SpiCSN_low proc
  59  0000              #line 59 "c:\users\user\documents\htk_project\3652_adc_test_vib_1\spi.c"
  59  0000  3148        	set [72].2
"File: spi.c         Assembler  Version HGASM0202      Page 3

  59  0001  0003        	ret
  59  0002              _SpiCSN_low endp
  59  0002              #line 59 "c:\users\user\documents\htk_project\3652_adc_test_vib_1\spi.c"
  59  0002              #pragma debug scope 1 1
  59  0002              public _SpiCSN_high
  59  0002              #pragma debug scope 4 1
  70  0002              #line 70 "c:\users\user\documents\htk_project\3652_adc_test_vib_1\spi.c"
  70  0000              _SpiCSN_high .section 'code'
  70  0000              _SpiCSN_high proc
  74  0000              #line 74 "c:\users\user\documents\htk_project\3652_adc_test_vib_1\spi.c"
  74  0000  3548        	clr [72].2
  74  0001  0003        	ret
  74  0002              _SpiCSN_high endp
  74  0002              #line 74 "c:\users\user\documents\htk_project\3652_adc_test_vib_1\spi.c"
  74  0002              #pragma debug scope 1 1
  74  0002              ___simd equ [71]
  74  0002              public _SpiRead
  74  0002              #pragma debug scope 5 1
  85  0002              #line 85 "c:\users\user\documents\htk_project\3652_adc_test_vib_1\spi.c"
  85  0000              _SpiRead .section 'code'
  85  0000              _SpiRead proc
  85  0000              _L6:
 103  0000              #line 103 "c:\users\user\documents\htk_project\3652_adc_test_vib_1\spi.c"
 103  0000  34C8        	clr [72].1
 104  0001              #line 104 "c:\users\user\documents\htk_project\3652_adc_test_vib_1\spi.c"
 104  0001  1FC7        	set [71]
 106  0002              #line 106 "c:\users\user\documents\htk_project\3652_adc_test_vib_1\spi.c"
 106  0002  3CC8        	sz [72].1
 106  0003  2800     R  	jmp _L6
 106  0004              _L8:
 108  0004              #line 108 "c:\users\user\documents\htk_project\3652_adc_test_vib_1\spi.c"
 108  0004  3848        	snz [72].0
 108  0005  2800     R  	jmp _L8
 109  0006              #line 109 "c:\users\user\documents\htk_project\3652_adc_test_vib_1\spi.c"
 109  0006  3448        	clr [72].0
 110  0007              #line 110 "c:\users\user\documents\htk_project\3652_adc_test_vib_1\spi.c"
 110  0007  0747        	mov a,[71]
 110  0008  0080     E  	mov ra,a
 113  0009              #line 113 "c:\users\user\documents\htk_project\3652_adc_test_vib_1\spi.c"
 113  0009  0700     E  	mov a,ra
 113  000A  0003        	ret
 113  000B              _SpiRead endp
 113  000B              #line 113 "c:\users\user\documents\htk_project\3652_adc_test_vib_1\spi.c"
 113  000B              #pragma debug scope 1 1
 113  000B              public _SpiWrite
 113  000B              #pragma debug scope 6 1
 122  000B              #line 122 "c:\users\user\documents\htk_project\3652_adc_test_vib_1\spi.c"
 122  0000              _SpiWrite .section 'code'
 122  0000              _SpiWrite proc
 122  0000  00              local _SpiWrite_2 db 1 dup(?)	; 0,1
 122  0000  0080     R  	mov _SpiWrite_2[0],a
 122  0001              #pragma debug variable 8 6 _SpiWrite_2+0 "SIMD"
 122  0001              _L13:
 139  0001              #line 139 "c:\users\user\documents\htk_project\3652_adc_test_vib_1\spi.c"
 139  0001  34C8        	clr [72].1
 140  0002              #line 140 "c:\users\user\documents\htk_project\3652_adc_test_vib_1\spi.c"
 140  0002  0700     R  	mov a,_SpiWrite_2[0]
 140  0003  00C7        	mov [71],a
 142  0004              #line 142 "c:\users\user\documents\htk_project\3652_adc_test_vib_1\spi.c"
 142  0004  3CC8        	sz [72].1
"File: spi.c         Assembler  Version HGASM0202      Page 4

 142  0005  2800     R  	jmp _L13
 142  0006              _L15:
 144  0006              #line 144 "c:\users\user\documents\htk_project\3652_adc_test_vib_1\spi.c"
 144  0006  3848        	snz [72].0
 144  0007  2800     R  	jmp _L15
 145  0008              #line 145 "c:\users\user\documents\htk_project\3652_adc_test_vib_1\spi.c"
 145  0008  3448        	clr [72].0
 145  0009  0003        	ret
 145  000A              _SpiWrite endp
 145  000A              #line 145 "c:\users\user\documents\htk_project\3652_adc_test_vib_1\spi.c"
 145  000A              #pragma debug scope 1 1
 145  000A              #pragma debug struct_end
 145  000A              #pragma debug struct_end
 145  000A              #pragma debug union_end
 145  000A              #pragma debug union_end
 145  000A              #pragma debug variable 43 1 ___pcc "__pcc" 1
 145  000A              #pragma debug struct_end
 145  000A              #pragma debug struct_end
 145  000A              #pragma debug union_end
 145  000A              #pragma debug union_end
 145  000A              #pragma debug variable 45 1 ___pcpu "__pcpu" 1
 145  000A              #pragma debug struct_end
 145  000A              #pragma debug struct_end
 145  000A              #pragma debug union_end
 145  000A              #pragma debug union_end
 145  000A              #pragma debug variable 47 1 ___simc0 "__simc0" 1
 145  000A              #pragma debug variable 8 1 ___simd "__simd" 1
 145  000A              #pragma debug struct_end
 145  000A              #pragma debug struct_end
 145  000A              #pragma debug union_end
 145  000A              #pragma debug union_end
 145  000A              #pragma debug variable 49 1 ___simc2 "__simc2" 1
 145  000A              #pragma debug struct_end
 145  000A              #pragma debug struct_end
 145  000A              #pragma debug union_end
 145  000A              #pragma debug union_end
 145  000A              #pragma debug variable 51 1 ___ifs "__ifs" 1
 145  000A              #pragma debug struct_end
 145  000A              #pragma debug struct_end
 145  000A              #pragma debug union_end
 145  000A              #pragma debug union_end
 145  000A              #pragma debug variable 53 1 ___pcs0 "__pcs0" 1
 145  000A              #pragma debug struct_end
 145  000A              #pragma debug struct_end
 145  000A              #pragma debug union_end
 145  000A              #pragma debug union_end
 145  000A              #pragma debug variable 55 1 ___pcs1 "__pcs1" 1
 145  000A              
 145  000A              ; 
 145  000A              ; Generated by holtek-gcc v3.19, Fri May 27 15:24:10 2022
 145  000A              ; Rebuild 718
 145  000A              ; end of file


        0 Errors, 0