"File: UART.c        Assembler  Version HGASM0202      Page 1


   1  0000              ; Generated by holtek-gcc v3.19, Fri May 20 16:36:40 2022
   2  0000              ; 
   3  0000              ; Configuration:
   4  0000              ;       with long instruction
   5  0000              ;       Single ROM, Multi-RAM
   6  0000              ;       bits_per_rom_unit:16
   7  0000              ;       with mp1
   8  0000              ;       with tbhp, address(0x9)
   9  0000              ;          Use tabrd-const
  10  0000              ;       
  11  0000              ; SFR address of long-instruction arch:
  12  0000              ;    mp0 = -1,1,0
  13  0000              ;    mp1 = 4,3,2
  14  0000              ;    mp2 = 14,13,12
  15  0000              ;    tbp = 9,7,8
  16  0000              ;    acc = 5
  17  0000              ;    pcl = 6
  18  0000              ;    status = 10
  19  0000              ;    bp = 11
  20  0000              ;    intc = 17
  21  0000              ;       
  22  0000              ;       
  23  0000              ; use 'tabrdc' instead of 'tabrd'
  24  0000              ;       
  25  0000              
  26  0000              #pragma translator "holtek-gcc 4.6.4" "3.19" "build 20130711"
  27  0000              ; Rebuild 718
  28  0000              
  29  0000              ir equ [2]
  30  0000              mp equ [3]
  31  0000              sbp equ [4]
  32  0000              acc equ [5]
  33  0000              bp equ [11]
  34  0000              tblp equ [7]
  35  0000              tbhp equ [9]
  36  0000              status equ [10]
  37  0000              c equ [10].0
  38  0000              ac equ [10].1
  39  0000              z equ [10].2
  40  0000              ov equ [10].3
  41  0000              cz equ [10].6
  42  0000              sc equ [10].7
  43  0000              intc equ [17]
  44  0000              
  45  0000              extern ra:byte
  46  0000              extern rb:byte
  47  0000              extern rc:byte
  48  0000              extern rd:byte
  49  0000              extern re:byte
  50  0000              extern rf:byte
  51  0000              extern rg:byte
  52  0000              extern rh:byte
  53  0000              extern _Crom2Prom:near
  54  0000              extern _Crom2PromNext:near
  55  0000              
  56  0000              RAMBANK 0 @BITDATASEC, @BITDATASEC1
  57  0000              @HCCINIT	.section 'data'
  58  0000              @HCCINIT0	.section 'data'
  59  0000              @BITDATASEC	 .section 'data'
"File: UART.ASM      Assembler  Version HGASM0202      Page 2

  60  0000              @BITDATASEC1	 .section 'data'
  61  0000              
  62  0000              #pragma debug scope 1 1
  63  0000              	extern __DELAY3:near
  64  0000              	extern __DELAYX3:near
  65  0000              	extern __DELAYX6:near
  66  0000              	extern __DELAYY5:near
  67  0000              	extern __DELAYY3:near
  68  0000              	extern _builtin_holtek_delay_2:byte
  69  0000              ___ucr2 equ [87]
  70  0000              ___intc2 equ [19]
  71  0000              public _UART_Int_init
  72  0000              #pragma debug scope 2 1

  53  0000              #line 53 "C:\Users\user\Documents\HTK_Project\3652_adc_test_2\UART.c"
  53  0000              _UART_Int_init .section 'code'
  53  0000              _UART_Int_init proc
  54  0000              #line 54 "C:\Users\user\Documents\HTK_Project\3652_adc_test_2\UART.c"
  54  0000  3157        	set [87].2
  55  0001              #line 55 "C:\Users\user\Documents\HTK_Project\3652_adc_test_2\UART.c"
  55  0001  31D7        	set [87].3
  56  0002              #line 56 "C:\Users\user\Documents\HTK_Project\3652_adc_test_2\UART.c"
  56  0002  34D7        	clr [87].1
  57  0003              #line 57 "C:\Users\user\Documents\HTK_Project\3652_adc_test_2\UART.c"
  57  0003  3457        	clr [87].0
  58  0004              #line 58 "C:\Users\user\Documents\HTK_Project\3652_adc_test_2\UART.c"
  58  0004  3193        	set [19].3
  59  0005              #line 59 "C:\Users\user\Documents\HTK_Project\3652_adc_test_2\UART.c"
  59  0005  3793        	clr [19].7
  59  0006  0003        	ret
  59  0007              _UART_Int_init endp
  59  0007              #line 59 "C:\Users\user\Documents\HTK_Project\3652_adc_test_2\UART.c"
  59  0007              #pragma debug scope 1 1
  59  0007              ___pdpu equ [84]
  59  0007              ___pdc equ [83]
  59  0007              ___pds0 equ [97]
  59  0007              ___ifs equ [81]
  59  0007              ___ucr1 equ [86]
  59  0007              ___brg equ [88]
  59  0007              public _UART_Prot_init
  59  0007              #pragma debug scope 3 1
  32  0007              #line 32 "C:\Users\user\Documents\HTK_Project\3652_adc_test_2\UART.c"
  32  0000              _UART_Prot_init .section 'code'
  32  0000              _UART_Prot_init proc
  33  0000              #line 33 "C:\Users\user\Documents\HTK_Project\3652_adc_test_2\UART.c"
  33  0000  30D4        	set [84].1
  34  0001              #line 34 "C:\Users\user\Documents\HTK_Project\3652_adc_test_2\UART.c"
  34  0001  30D3        	set [83].1
  35  0002              #line 35 "C:\Users\user\Documents\HTK_Project\3652_adc_test_2\UART.c"
  35  0002  3553        	clr [83].2
  37  0003              #line 37 "C:\Users\user\Documents\HTK_Project\3652_adc_test_2\UART.c"
  37  0003  0F14        	mov a,20
  37  0004  05E1        	orm a,[97]
  38  0005              #line 38 "C:\Users\user\Documents\HTK_Project\3652_adc_test_2\UART.c"
  38  0005  3451        	clr [81].0
  40  0006              #line 40 "C:\Users\user\Documents\HTK_Project\3652_adc_test_2\UART.c"
  40  0006  0F80        	mov a,128
  40  0007  00D6        	mov [86],a
  41  0008              #line 41 "C:\Users\user\Documents\HTK_Project\3652_adc_test_2\UART.c"
  41  0008  0FC0        	mov a,192
"File: UART.c        Assembler  Version HGASM0202      Page 3

  41  0009  00D7        	mov [87],a
  42  000A              #line 42 "C:\Users\user\Documents\HTK_Project\3652_adc_test_2\UART.c"
  42  000A  0F0C        	mov a,12
  42  000B  00D8        	mov [88],a
  44  000C              #line 44 "C:\Users\user\Documents\HTK_Project\3652_adc_test_2\UART.c"
  44  000C  2000     R  	call _UART_Int_init
  44  000D  0003        	ret
  44  000E              _UART_Prot_init endp
  44  000E              #line 44 "C:\Users\user\Documents\HTK_Project\3652_adc_test_2\UART.c"
  44  000E              #pragma debug scope 1 1
  44  000E              ___usr equ [85]
  44  000E              ___txr_rxr equ [89]
  44  000E              public _UART_Send
  44  000E              #pragma debug scope 4 1
  67  000E              #line 67 "C:\Users\user\Documents\HTK_Project\3652_adc_test_2\UART.c"
  67  0000              _UART_Send .section 'code'
  67  0000              _UART_Send proc
  67  0000  00              local _UART_Send_2 db 1 dup(?)	; 0,1
  67  0000  0080     R  	mov _UART_Send_2[0],a
  67  0001              #pragma debug variable 8 4 _UART_Send_2+0 "Data"
  67  0001              _L5:
  68  0001              #line 68 "C:\Users\user\Documents\HTK_Project\3652_adc_test_2\UART.c"
  68  0001  38D5        	snz [85].1
  68  0002  2800     R  	jmp _L5
  69  0003              #line 69 "C:\Users\user\Documents\HTK_Project\3652_adc_test_2\UART.c"
  69  0003  0700     R  	mov a,_UART_Send_2[0]
  69  0004  00D9        	mov [89],a
  69  0005              _L7:
  70  0005              #line 70 "C:\Users\user\Documents\HTK_Project\3652_adc_test_2\UART.c"
  70  0005  38D5        	snz [85].1
  70  0006  2800     R  	jmp _L7
  70  0007  0003        	ret
  70  0008              _UART_Send endp
  70  0008              #line 70 "C:\Users\user\Documents\HTK_Project\3652_adc_test_2\UART.c"
  70  0008              #pragma debug scope 1 1
  70  0008              public _UART_Receive
  70  0008              #pragma debug scope 5 1
  79  0008              #line 79 "C:\Users\user\Documents\HTK_Project\3652_adc_test_2\UART.c"
  79  0000              _UART_Receive .section 'code'
  79  0000              _UART_Receive proc
  79  0000              _L11:
  81  0000              #line 81 "C:\Users\user\Documents\HTK_Project\3652_adc_test_2\UART.c"
  81  0000  39D5        	snz [85].3
  81  0001  2800     R  	jmp _L11
  82  0002              #line 82 "C:\Users\user\Documents\HTK_Project\3652_adc_test_2\UART.c"
  82  0002  0759        	mov a,[89]
  82  0003  0080     E  	mov ra,a
  84  0004              #line 84 "C:\Users\user\Documents\HTK_Project\3652_adc_test_2\UART.c"
  84  0004  0700     E  	mov a,ra
  84  0005  0003        	ret
  84  0006              _UART_Receive endp
  84  0006              #line 84 "C:\Users\user\Documents\HTK_Project\3652_adc_test_2\UART.c"
  84  0006              #pragma debug scope 1 1
  17  0006              #line 17 "C:\Users\user\Documents\HTK_Project\3652_adc_test_2\UART.c"
  17  0006              public _Receive_Data
  17  0000              @HCCINIT0_Receive_Data .section 'data'
  17  0000              _Receive_Data	db 0
  17  0001              #pragma debug variable 8 1 _Receive_Data "Receive_Data"
  17  0001              
  17  0000              @HCCINIT .section 'data'
"File: UART.c        Assembler  Version HGASM0202      Page 4

  17  0000              #pragma debug struct_end
  17  0000              #pragma debug struct_end
  17  0000              #pragma debug union_end
  17  0000              #pragma debug union_end
  17  0000              #pragma debug variable 43 1 ___intc2 "__intc2" 1
  17  0000              #pragma debug struct_end
  17  0000              #pragma debug struct_end
  17  0000              #pragma debug union_end
  17  0000              #pragma debug union_end
  17  0000              #pragma debug variable 45 1 ___ifs "__ifs" 1
  17  0000              #pragma debug struct_end
  17  0000              #pragma debug struct_end
  17  0000              #pragma debug union_end
  17  0000              #pragma debug union_end
  17  0000              #pragma debug variable 47 1 ___pdc "__pdc" 1
  17  0000              #pragma debug struct_end
  17  0000              #pragma debug struct_end
  17  0000              #pragma debug union_end
  17  0000              #pragma debug union_end
  17  0000              #pragma debug variable 49 1 ___pdpu "__pdpu" 1
  17  0000              #pragma debug struct_end
  17  0000              #pragma debug struct_end
  17  0000              #pragma debug union_end
  17  0000              #pragma debug union_end
  17  0000              #pragma debug variable 51 1 ___usr "__usr" 1
  17  0000              #pragma debug struct_end
  17  0000              #pragma debug struct_end
  17  0000              #pragma debug union_end
  17  0000              #pragma debug union_end
  17  0000              #pragma debug variable 53 1 ___ucr1 "__ucr1" 1
  17  0000              #pragma debug struct_end
  17  0000              #pragma debug struct_end
  17  0000              #pragma debug union_end
  17  0000              #pragma debug union_end
  17  0000              #pragma debug variable 55 1 ___ucr2 "__ucr2" 1
  17  0000              #pragma debug struct_end
  17  0000              #pragma debug struct_end
  17  0000              #pragma debug union_end
  17  0000              #pragma debug union_end
  17  0000              #pragma debug variable 57 1 ___brg "__brg" 1
  17  0000              #pragma debug struct_end
  17  0000              #pragma debug struct_end
  17  0000              #pragma debug union_end
  17  0000              #pragma debug union_end
  17  0000              #pragma debug variable 59 1 ___txr_rxr "__txr_rxr" 1
  17  0000              #pragma debug struct_end
  17  0000              #pragma debug struct_end
  17  0000              #pragma debug union_end
  17  0000              #pragma debug union_end
  17  0000              #pragma debug variable 61 1 ___pds0 "__pds0" 1
  17  0000              
  17  0000              ; 
  17  0000              ; Generated by holtek-gcc v3.19, Fri May 20 16:36:40 2022
  17  0000              ; Rebuild 718
  17  0000              ; end of file


        0 Errors, 0